2014-06-13 18:27:37,635 INFO  [main] support.ClassPathXmlApplicationContext (AbstractApplicationContext.java:456)     - Refreshing org.springframework.context.support.ClassPathXmlApplicationContext@4720d62b: startup date [Fri Jun 13 18:27:37 CST 2014]; root of context hierarchy
2014-06-13 18:27:37,704 INFO  [main] xml.XmlBeanDefinitionReader (XmlBeanDefinitionReader.java:315)     - Loading XML bean definitions from class path resource [com/island/domain/DomainIslandModuleContext.xml]
2014-06-13 18:27:37,942 INFO  [main] support.DefaultListableBeanFactory (DefaultListableBeanFactory.java:555)     - Pre-instantiating singletons in org.springframework.beans.factory.support.DefaultListableBeanFactory@37fd6bea: defining beans [common,PackageDetailInfoDAO,MenuDAO,RoleDAO,RoleRightDAO,UserDAO,roleBiz,RecommendDAO,recommendBiz,AreaDAO,IslandDAO,areaIslandBiz,islandPackageDao,marrayPackageBiz,weddingPhotoBiz,PackageKepianliuyingDAO,PackageImageRelationDAO,CompanyDAO,globalNetBiz,customerCaseDAO,casePicMappingDAO,caseVideoMappingDAO,customerCaseBiz,IslandPackageTypeDAO,moduleTypeBiz,countryDao,guestQaDao,guestQaBiz]; root of factory hierarchy
2014-06-13 18:27:38,063 INFO  [main] config.ConfigurationFactoryBean (Slf4jLogger.java:64)     - Skip config 'file:///C:/config/common.xml', /C:/config/common.xml (No such file or directory)
2014-06-13 18:27:38,124 INFO  [Thread-1@/config/common.xml] util.FileWatchdog (Slf4jLogger.java:59)     - watch thread Thread-1@/config/common.xml start watch /config/common.xml :
2014-06-13 18:27:38,125 INFO  [Thread-2] config.ConfigManager (Slf4jLogger.java:59)     - watch and notify thread start:
2014-06-13 18:27:38,133 INFO  [main] support.ClassPathXmlApplicationContext (AbstractApplicationContext.java:456)     - Refreshing org.springframework.context.support.ClassPathXmlApplicationContext@26d66426: startup date [Fri Jun 13 18:27:38 CST 2014]; root of context hierarchy
2014-06-13 18:27:38,134 INFO  [main] xml.XmlBeanDefinitionReader (XmlBeanDefinitionReader.java:315)     - Loading XML bean definitions from class path resource [com/jcl/core/dal/datasource/DataSourceModuleContext.xml]
2014-06-13 18:27:38,250 INFO  [main] config.ConfigurationFactoryBean (Slf4jLogger.java:64)     - Skip config 'file:///C:/config/database.properties', /C:/config/database.properties (No such file or directory)
2014-06-13 18:27:38,252 INFO  [main] config.ConfigurationFactoryBean (Slf4jLogger.java:64)     - Skip config 'classpath:META-INF/config/local/database.properties', class path resource [META-INF/config/local/database.properties] cannot be resolved to URL because it does not exist
2014-06-13 18:27:38,259 INFO  [main] config.ConfigurationFactoryBean (Slf4jLogger.java:64)     - Skip config 'file:///C:/config/database_pay.properties', /C:/config/database_pay.properties (No such file or directory)
2014-06-13 18:27:38,260 INFO  [main] config.ConfigurationFactoryBean (Slf4jLogger.java:64)     - Skip config 'classpath:META-INF/config/local/database_pay.properties', class path resource [META-INF/config/local/database_pay.properties] cannot be resolved to URL because it does not exist
2014-06-13 18:27:38,265 INFO  [Thread-3@/config/database_pay.properties] util.FileWatchdog (Slf4jLogger.java:59)     - watch thread Thread-3@/config/database_pay.properties start watch /config/database_pay.properties :
2014-06-13 18:27:38,266 INFO  [Thread-4] config.ConfigManager (Slf4jLogger.java:59)     - watch and notify thread start:
2014-06-13 18:27:38,344 INFO  [main] support.DefaultListableBeanFactory (DefaultListableBeanFactory.java:555)     - Pre-instantiating singletons in org.springframework.beans.factory.support.DefaultListableBeanFactory@74f30494: defining beans [configuration,configuration_pay,hosts,org.springframework.beans.factory.config.PropertyPlaceholderConfigurer#0,datasource.HAIDAO_DB,locator,iDataSource,dbConfigManager]; root of factory hierarchy
2014-06-13 18:27:38,345 INFO  [main] config.ConfigurationFactoryBean (Slf4jLogger.java:64)     - Skip config 'file:/config/DBHost.properties', /config/DBHost.properties (No such file or directory)
2014-06-13 18:27:38,345 INFO  [main] config.ConfigurationFactoryBean (Slf4jLogger.java:64)     - Skip config 'file:///C:/config/DBHost.properties', /C:/config/DBHost.properties (No such file or directory)
2014-06-13 18:27:38,346 INFO  [main] config.ConfigurationFactoryBean (Slf4jLogger.java:64)     - Skip config 'classpath:META-INF/config/local/DBHost.properties', class path resource [META-INF/config/local/DBHost.properties] cannot be resolved to URL because it does not exist
2014-06-13 18:27:38,347 INFO  [Thread-5@/config/DBHost.properties] util.FileWatchdog (Slf4jLogger.java:59)     - watch thread Thread-5@/config/DBHost.properties start watch /config/DBHost.properties :
2014-06-13 18:27:38,347 INFO  [Thread-6] config.ConfigManager (Slf4jLogger.java:59)     - watch and notify thread start:
2014-06-13 18:27:38,371 INFO  [main] support.ClassPathXmlApplicationContext (AbstractApplicationContext.java:456)     - Refreshing org.springframework.context.support.ClassPathXmlApplicationContext@39697b67: startup date [Fri Jun 13 18:27:38 CST 2014]; root of context hierarchy
2014-06-13 18:27:38,372 INFO  [main] xml.XmlBeanDefinitionReader (XmlBeanDefinitionReader.java:315)     - Loading XML bean definitions from class path resource [com/jcl/core/config/ConfigModuleContext.xml]
2014-06-13 18:27:38,401 INFO  [main] support.DefaultListableBeanFactory (DefaultListableBeanFactory.java:555)     - Pre-instantiating singletons in org.springframework.beans.factory.support.DefaultListableBeanFactory@501ba94d: defining beans [core-config]; root of factory hierarchy
2014-06-13 18:27:38,405 INFO  [main] config.ConfigurationFactoryBean (Slf4jLogger.java:64)     - Skip config 'file:///C:/config/core-config.xml', /C:/config/core-config.xml (No such file or directory)
2014-06-13 18:27:38,406 INFO  [main] config.ConfigurationFactoryBean (Slf4jLogger.java:64)     - Skip config 'classpath:META-INF/config/local/core-config.xml', class path resource [META-INF/config/local/core-config.xml] cannot be resolved to URL because it does not exist
2014-06-13 18:27:38,411 INFO  [Thread-7@/config/core-config.xml] util.FileWatchdog (Slf4jLogger.java:59)     - watch thread Thread-7@/config/core-config.xml start watch /config/core-config.xml :
2014-06-13 18:27:38,412 INFO  [Thread-8] config.ConfigManager (Slf4jLogger.java:59)     - watch and notify thread start:
2014-06-13 18:27:38,455 INFO  [main] trace             (Slf4jLogger.java:59)     - host name :jcl.local
2014-06-13 18:27:38,456 INFO  [Thread-9@/config/database.properties] util.FileWatchdog (Slf4jLogger.java:59)     - watch thread Thread-9@/config/database.properties start watch /config/database.properties :
2014-06-13 18:27:39,305 INFO  [main] support.DefaultListableBeanFactory (DefaultSingletonBeanRegistry.java:422)     - Destroying singletons in org.springframework.beans.factory.support.DefaultListableBeanFactory@37fd6bea: defining beans [common,PackageDetailInfoDAO,MenuDAO,RoleDAO,RoleRightDAO,UserDAO,roleBiz,RecommendDAO,recommendBiz,AreaDAO,IslandDAO,areaIslandBiz,islandPackageDao,marrayPackageBiz,weddingPhotoBiz,PackageKepianliuyingDAO,PackageImageRelationDAO,CompanyDAO,globalNetBiz,customerCaseDAO,casePicMappingDAO,caseVideoMappingDAO,customerCaseBiz,IslandPackageTypeDAO,moduleTypeBiz,countryDao,guestQaDao,guestQaBiz]; root of factory hierarchy
2014-06-13 18:29:28,269 INFO  [main] support.ClassPathXmlApplicationContext (AbstractApplicationContext.java:456)     - Refreshing org.springframework.context.support.ClassPathXmlApplicationContext@49362012: startup date [Fri Jun 13 18:29:28 CST 2014]; root of context hierarchy
2014-06-13 18:29:28,338 INFO  [main] xml.XmlBeanDefinitionReader (XmlBeanDefinitionReader.java:315)     - Loading XML bean definitions from class path resource [com/island/domain/DomainIslandModuleContext.xml]
2014-06-13 18:29:28,526 INFO  [main] support.DefaultListableBeanFactory (DefaultListableBeanFactory.java:555)     - Pre-instantiating singletons in org.springframework.beans.factory.support.DefaultListableBeanFactory@48e61a35: defining beans [common,PackageDetailInfoDAO,MenuDAO,RoleDAO,RoleRightDAO,UserDAO,roleBiz,RecommendDAO,recommendBiz,AreaDAO,IslandDAO,areaIslandBiz,islandPackageDao,marrayPackageBiz,weddingPhotoBiz,PackageKepianliuyingDAO,PackageImageRelationDAO,CompanyDAO,globalNetBiz,customerCaseDAO,casePicMappingDAO,caseVideoMappingDAO,customerCaseBiz,IslandPackageTypeDAO,moduleTypeBiz,countryDao,guestQaDao,guestQaBiz]; root of factory hierarchy
2014-06-13 18:29:28,624 INFO  [main] config.ConfigurationFactoryBean (Slf4jLogger.java:64)     - Skip config 'file:///C:/config/common.xml', /C:/config/common.xml (No such file or directory)
2014-06-13 18:29:28,669 INFO  [Thread-1@/config/common.xml] util.FileWatchdog (Slf4jLogger.java:59)     - watch thread Thread-1@/config/common.xml start watch /config/common.xml :
2014-06-13 18:29:28,669 INFO  [Thread-2] config.ConfigManager (Slf4jLogger.java:59)     - watch and notify thread start:
2014-06-13 18:29:28,675 INFO  [main] support.ClassPathXmlApplicationContext (AbstractApplicationContext.java:456)     - Refreshing org.springframework.context.support.ClassPathXmlApplicationContext@6b86f247: startup date [Fri Jun 13 18:29:28 CST 2014]; root of context hierarchy
2014-06-13 18:29:28,676 INFO  [main] xml.XmlBeanDefinitionReader (XmlBeanDefinitionReader.java:315)     - Loading XML bean definitions from class path resource [com/jcl/core/dal/datasource/DataSourceModuleContext.xml]
2014-06-13 18:29:28,742 INFO  [main] config.ConfigurationFactoryBean (Slf4jLogger.java:64)     - Skip config 'file:///C:/config/database.properties', /C:/config/database.properties (No such file or directory)
2014-06-13 18:29:28,743 INFO  [main] config.ConfigurationFactoryBean (Slf4jLogger.java:64)     - Skip config 'classpath:META-INF/config/local/database.properties', class path resource [META-INF/config/local/database.properties] cannot be resolved to URL because it does not exist
2014-06-13 18:29:28,748 INFO  [main] config.ConfigurationFactoryBean (Slf4jLogger.java:64)     - Skip config 'file:///C:/config/database_pay.properties', /C:/config/database_pay.properties (No such file or directory)
2014-06-13 18:29:28,749 INFO  [main] config.ConfigurationFactoryBean (Slf4jLogger.java:64)     - Skip config 'classpath:META-INF/config/local/database_pay.properties', class path resource [META-INF/config/local/database_pay.properties] cannot be resolved to URL because it does not exist
2014-06-13 18:29:28,751 INFO  [Thread-3@/config/database_pay.properties] util.FileWatchdog (Slf4jLogger.java:59)     - watch thread Thread-3@/config/database_pay.properties start watch /config/database_pay.properties :
2014-06-13 18:29:28,751 INFO  [Thread-4] config.ConfigManager (Slf4jLogger.java:59)     - watch and notify thread start:
2014-06-13 18:29:28,777 INFO  [main] support.DefaultListableBeanFactory (DefaultListableBeanFactory.java:555)     - Pre-instantiating singletons in org.springframework.beans.factory.support.DefaultListableBeanFactory@73c6641: defining beans [configuration,configuration_pay,hosts,org.springframework.beans.factory.config.PropertyPlaceholderConfigurer#0,datasource.HAIDAO_DB,locator,iDataSource,dbConfigManager]; root of factory hierarchy
2014-06-13 18:29:28,778 INFO  [main] config.ConfigurationFactoryBean (Slf4jLogger.java:64)     - Skip config 'file:/config/DBHost.properties', /config/DBHost.properties (No such file or directory)
2014-06-13 18:29:28,779 INFO  [main] config.ConfigurationFactoryBean (Slf4jLogger.java:64)     - Skip config 'file:///C:/config/DBHost.properties', /C:/config/DBHost.properties (No such file or directory)
2014-06-13 18:29:28,779 INFO  [main] config.ConfigurationFactoryBean (Slf4jLogger.java:64)     - Skip config 'classpath:META-INF/config/local/DBHost.properties', class path resource [META-INF/config/local/DBHost.properties] cannot be resolved to URL because it does not exist
2014-06-13 18:29:28,780 INFO  [Thread-5@/config/DBHost.properties] util.FileWatchdog (Slf4jLogger.java:59)     - watch thread Thread-5@/config/DBHost.properties start watch /config/DBHost.properties :
2014-06-13 18:29:28,780 INFO  [Thread-6] config.ConfigManager (Slf4jLogger.java:59)     - watch and notify thread start:
2014-06-13 18:29:28,800 INFO  [main] support.ClassPathXmlApplicationContext (AbstractApplicationContext.java:456)     - Refreshing org.springframework.context.support.ClassPathXmlApplicationContext@62c3e9e9: startup date [Fri Jun 13 18:29:28 CST 2014]; root of context hierarchy
2014-06-13 18:29:28,801 INFO  [main] xml.XmlBeanDefinitionReader (XmlBeanDefinitionReader.java:315)     - Loading XML bean definitions from class path resource [com/jcl/core/config/ConfigModuleContext.xml]
2014-06-13 18:29:28,825 INFO  [main] support.DefaultListableBeanFactory (DefaultListableBeanFactory.java:555)     - Pre-instantiating singletons in org.springframework.beans.factory.support.DefaultListableBeanFactory@2814a18d: defining beans [core-config]; root of factory hierarchy
2014-06-13 18:29:28,828 INFO  [main] config.ConfigurationFactoryBean (Slf4jLogger.java:64)     - Skip config 'file:///C:/config/core-config.xml', /C:/config/core-config.xml (No such file or directory)
2014-06-13 18:29:28,829 INFO  [main] config.ConfigurationFactoryBean (Slf4jLogger.java:64)     - Skip config 'classpath:META-INF/config/local/core-config.xml', class path resource [META-INF/config/local/core-config.xml] cannot be resolved to URL because it does not exist
2014-06-13 18:29:28,833 INFO  [Thread-7@/config/core-config.xml] util.FileWatchdog (Slf4jLogger.java:59)     - watch thread Thread-7@/config/core-config.xml start watch /config/core-config.xml :
2014-06-13 18:29:28,833 INFO  [Thread-8] config.ConfigManager (Slf4jLogger.java:59)     - watch and notify thread start:
2014-06-13 18:29:28,864 INFO  [main] trace             (Slf4jLogger.java:59)     - host name :jcl.local
2014-06-13 18:29:28,865 INFO  [Thread-9@/config/database.properties] util.FileWatchdog (Slf4jLogger.java:59)     - watch thread Thread-9@/config/database.properties start watch /config/database.properties :
