2014-04-03 01:39:40,260 INFO  [main] support.ClassPathXmlApplicationContext (AbstractApplicationContext.java:411)     - Refreshing org.springframework.context.support.ClassPathXmlApplicationContext@787bb290: display name [org.springframework.context.support.ClassPathXmlApplicationContext@787bb290]; startup date [Thu Apr 03 01:39:40 CST 2014]; root of context hierarchy
2014-04-03 01:39:40,331 INFO  [main] xml.XmlBeanDefinitionReader (XmlBeanDefinitionReader.java:323)     - Loading XML bean definitions from class path resource [com/island/domain/DomainIslandModuleContext.xml]
2014-04-03 01:39:40,474 INFO  [main] support.ClassPathXmlApplicationContext (AbstractApplicationContext.java:426)     - Bean factory for application context [org.springframework.context.support.ClassPathXmlApplicationContext@787bb290]: org.springframework.beans.factory.support.DefaultListableBeanFactory@7f712b3a
2014-04-03 01:39:40,494 INFO  [main] support.DefaultListableBeanFactory (DefaultListableBeanFactory.java:414)     - Pre-instantiating singletons in org.springframework.beans.factory.support.DefaultListableBeanFactory@7f712b3a: defining beans [BrokerPpcCeilingLogDAO,testBiz]; root of factory hierarchy
2014-04-03 01:39:40,495 INFO  [main] support.DefaultListableBeanFactory (DefaultSingletonBeanRegistry.java:421)     - Destroying singletons in org.springframework.beans.factory.support.DefaultListableBeanFactory@7f712b3a: defining beans [BrokerPpcCeilingLogDAO,testBiz]; root of factory hierarchy
2014-04-03 01:40:06,424 INFO  [main] support.ClassPathXmlApplicationContext (AbstractApplicationContext.java:411)     - Refreshing org.springframework.context.support.ClassPathXmlApplicationContext@528acf6e: display name [org.springframework.context.support.ClassPathXmlApplicationContext@528acf6e]; startup date [Thu Apr 03 01:40:06 CST 2014]; root of context hierarchy
2014-04-03 01:40:06,482 INFO  [main] xml.XmlBeanDefinitionReader (XmlBeanDefinitionReader.java:323)     - Loading XML bean definitions from class path resource [com/island/domain/DomainIslandModuleContext.xml]
2014-04-03 01:40:06,629 INFO  [main] support.ClassPathXmlApplicationContext (AbstractApplicationContext.java:426)     - Bean factory for application context [org.springframework.context.support.ClassPathXmlApplicationContext@528acf6e]: org.springframework.beans.factory.support.DefaultListableBeanFactory@56609959
2014-04-03 01:40:06,643 INFO  [main] support.DefaultListableBeanFactory (DefaultListableBeanFactory.java:414)     - Pre-instantiating singletons in org.springframework.beans.factory.support.DefaultListableBeanFactory@56609959: defining beans [BrokerPpcCeilingLogDAO,testBiz]; root of factory hierarchy
2014-04-03 01:40:06,659 INFO  [main] support.ClassPathXmlApplicationContext (AbstractApplicationContext.java:411)     - Refreshing org.springframework.context.support.ClassPathXmlApplicationContext@6e84cc09: display name [org.springframework.context.support.ClassPathXmlApplicationContext@6e84cc09]; startup date [Thu Apr 03 01:40:06 CST 2014]; root of context hierarchy
2014-04-03 01:40:06,660 INFO  [main] xml.XmlBeanDefinitionReader (XmlBeanDefinitionReader.java:323)     - Loading XML bean definitions from class path resource [com/anjuke/core/dal/datasource/DataSourceModuleContext.xml]
2014-04-03 01:40:06,876 INFO  [main] support.ClassPathXmlApplicationContext (AbstractApplicationContext.java:426)     - Bean factory for application context [org.springframework.context.support.ClassPathXmlApplicationContext@6e84cc09]: org.springframework.beans.factory.support.DefaultListableBeanFactory@371bed71
2014-04-03 01:40:06,999 INFO  [main] config.ConfigurationFactoryBean (Slf4jLogger.java:62)     - Skip config 'classpath:META-INF/config/local/database.properties', class path resource [META-INF/config/local/database.properties] cannot be resolved to URL because it does not exist
2014-04-03 01:40:07,041 INFO  [main] config.ConfigurationFactoryBean (Slf4jLogger.java:62)     - Skip config 'classpath:META-INF/config/local/database_pay.properties', class path resource [META-INF/config/local/database_pay.properties] cannot be resolved to URL because it does not exist
2014-04-03 01:40:07,046 INFO  [Thread-1@/config/database_pay.properties] util.FileWatchdog (Slf4jLogger.java:57)     - watch thread Thread-1@/config/database_pay.properties start watch /config/database_pay.properties :
2014-04-03 01:40:07,047 INFO  [Thread-2] config.ConfigManager (Slf4jLogger.java:57)     - watch and notify thread start:
2014-04-03 01:40:07,169 INFO  [main] support.DefaultListableBeanFactory (DefaultListableBeanFactory.java:414)     - Pre-instantiating singletons in org.springframework.beans.factory.support.DefaultListableBeanFactory@371bed71: defining beans [configuration,configuration_pay,hosts,org.springframework.beans.factory.config.PropertyPlaceholderConfigurer#0,datasource.QUEUE_DB,datasource.ACTION,datasource.ANJUKE_DB,datasource.ANJUKE_DB_SLAVE,datasource.ANJUKE_DB_JOB_SLAVE,datasource.ANJUKE_DB_AUTH,datasource.ANJUKE_DB_AUTH_SLAVE,datasource.ANJUKE_DB_KEYWORD,datasource.PROP_REFRESH,datasource.FORUM_DB,datasource.USER_DB,datasource.USER_DB_SLAVE,datasource.IMAGE_DB,datasource.IMAGE_DB_SLAVE,datasource.IMAGE_EXT_DB,datasource.HAOZU_DB,datasource.PROP_DB,datasource.DW_DB,datasource.STATS_DB,datasource.CRM_DB,datasource.AJK_PROPS_DB_SH,datasource.AJK_PROPS_DB_BJ,datasource.AJK_PROPS_DB_OTH,datasource.AJK_PROPS_DB_04,datasource.AJK_PROPS_DB_SH_SLAVE,datasource.AJK_PROPS_DB_BJ_SLAVE,datasource.AJK_PROPS_DB_OTH_SLAVE,datasource.AJK_PROPS_DB_04_SLAVE,datasource.AHDW_DB,datasource.AHDW_DB_SLAVE,datasource.BBS_DB,datasource.BBS_DB_SLAVE,datasource.ARK_DB,datasource.ARK_DB_SLAVE,datasource.AJK_DS_TMP,datasource.RENT_CRM_DB,datasource.PPC_DB,datasource.PPC_DB_SLAVE,datasource.HAOZU_DB_LOGS_DB,datasource.HAOZU_DB_LOGS_DB_SLAVE,datasource.MOBILE_DB,datasource.CRMEeasy,datasource.JINPU_DB_SLAVE,datasource.COMMUNITY_DB_SLAVE,datasource.EXES_LOG_DB,datasource.EXES_LOG_DB_SLAVE,datasource.Exes_DB_Offline,datasource.Exes_DB_Offline_Slave,datasource.USER_DB_PAY,datasource.USER_DB_PAY_SLAVE,datasource.USER_ACTIVITY,datasource.USER_ACTIVITY_SLAVE,datasource.anjuke_db_5_master,datasource.anjuke_db_5_slave,datasource.BROKER_DB,datasource.BROKER_DB_SLAVE,locator,iDataSource,dbConfigManager]; root of factory hierarchy
2014-04-03 01:40:07,170 INFO  [main] config.ConfigurationFactoryBean (Slf4jLogger.java:62)     - Skip config 'file:/config/DBHost.properties', /config/DBHost.properties (No such file or directory)
2014-04-03 01:40:07,171 INFO  [main] config.ConfigurationFactoryBean (Slf4jLogger.java:62)     - Skip config 'classpath:META-INF/config/local/DBHost.properties', class path resource [META-INF/config/local/DBHost.properties] cannot be resolved to URL because it does not exist
2014-04-03 01:40:07,173 INFO  [Thread-3@/config/DBHost.properties] util.FileWatchdog (Slf4jLogger.java:57)     - watch thread Thread-3@/config/DBHost.properties start watch /config/DBHost.properties :
2014-04-03 01:40:07,173 INFO  [Thread-4] config.ConfigManager (Slf4jLogger.java:57)     - watch and notify thread start:
2014-04-03 01:40:07,187 INFO  [main] support.ClassPathXmlApplicationContext (AbstractApplicationContext.java:411)     - Refreshing org.springframework.context.support.ClassPathXmlApplicationContext@26a3960: display name [org.springframework.context.support.ClassPathXmlApplicationContext@26a3960]; startup date [Thu Apr 03 01:40:07 CST 2014]; root of context hierarchy
2014-04-03 01:40:07,188 INFO  [main] xml.XmlBeanDefinitionReader (XmlBeanDefinitionReader.java:323)     - Loading XML bean definitions from class path resource [com/anjuke/core/config/ConfigModuleContext.xml]
2014-04-03 01:40:07,213 INFO  [main] support.ClassPathXmlApplicationContext (AbstractApplicationContext.java:426)     - Bean factory for application context [org.springframework.context.support.ClassPathXmlApplicationContext@26a3960]: org.springframework.beans.factory.support.DefaultListableBeanFactory@5a199939
2014-04-03 01:40:07,214 INFO  [main] support.DefaultListableBeanFactory (DefaultListableBeanFactory.java:414)     - Pre-instantiating singletons in org.springframework.beans.factory.support.DefaultListableBeanFactory@5a199939: defining beans [core-config]; root of factory hierarchy
2014-04-03 01:40:07,224 INFO  [main] config.ConfigurationFactoryBean (Slf4jLogger.java:62)     - Skip config 'classpath:META-INF/config/local/core-config.xml', class path resource [META-INF/config/local/core-config.xml] cannot be resolved to URL because it does not exist
2014-04-03 01:40:07,227 INFO  [Thread-5@/config/core-config.xml] util.FileWatchdog (Slf4jLogger.java:57)     - watch thread Thread-5@/config/core-config.xml start watch /config/core-config.xml :
2014-04-03 01:40:07,227 INFO  [Thread-6] config.ConfigManager (Slf4jLogger.java:57)     - watch and notify thread start:
2014-04-03 01:40:07,257 INFO  [main] trace             (Slf4jLogger.java:57)     - host name :192.168.2.102
2014-04-03 01:40:07,258 INFO  [Thread-7@/config/database.properties] util.FileWatchdog (Slf4jLogger.java:57)     - watch thread Thread-7@/config/database.properties start watch /config/database.properties :
2014-04-03 01:40:51,559 INFO  [main] support.ClassPathXmlApplicationContext (AbstractApplicationContext.java:411)     - Refreshing org.springframework.context.support.ClassPathXmlApplicationContext@17386918: display name [org.springframework.context.support.ClassPathXmlApplicationContext@17386918]; startup date [Thu Apr 03 01:40:51 CST 2014]; root of context hierarchy
2014-04-03 01:40:51,619 INFO  [main] xml.XmlBeanDefinitionReader (XmlBeanDefinitionReader.java:323)     - Loading XML bean definitions from class path resource [com/island/domain/DomainIslandModuleContext.xml]
2014-04-03 01:40:51,770 INFO  [main] support.ClassPathXmlApplicationContext (AbstractApplicationContext.java:426)     - Bean factory for application context [org.springframework.context.support.ClassPathXmlApplicationContext@17386918]: org.springframework.beans.factory.support.DefaultListableBeanFactory@7f712b3a
2014-04-03 01:40:51,783 INFO  [main] support.DefaultListableBeanFactory (DefaultListableBeanFactory.java:414)     - Pre-instantiating singletons in org.springframework.beans.factory.support.DefaultListableBeanFactory@7f712b3a: defining beans [BrokerPpcCeilingLogDAO,testBiz]; root of factory hierarchy
2014-04-03 01:40:51,792 INFO  [main] support.ClassPathXmlApplicationContext (AbstractApplicationContext.java:411)     - Refreshing org.springframework.context.support.ClassPathXmlApplicationContext@4f4db0e3: display name [org.springframework.context.support.ClassPathXmlApplicationContext@4f4db0e3]; startup date [Thu Apr 03 01:40:51 CST 2014]; root of context hierarchy
2014-04-03 01:40:51,793 INFO  [main] xml.XmlBeanDefinitionReader (XmlBeanDefinitionReader.java:323)     - Loading XML bean definitions from class path resource [com/anjuke/core/dal/datasource/DataSourceModuleContext.xml]
2014-04-03 01:40:52,025 INFO  [main] support.ClassPathXmlApplicationContext (AbstractApplicationContext.java:426)     - Bean factory for application context [org.springframework.context.support.ClassPathXmlApplicationContext@4f4db0e3]: org.springframework.beans.factory.support.DefaultListableBeanFactory@580eac5a
2014-04-03 01:40:52,147 INFO  [main] config.ConfigurationFactoryBean (Slf4jLogger.java:62)     - Skip config 'classpath:META-INF/config/local/database.properties', class path resource [META-INF/config/local/database.properties] cannot be resolved to URL because it does not exist
2014-04-03 01:40:52,192 INFO  [main] config.ConfigurationFactoryBean (Slf4jLogger.java:62)     - Skip config 'classpath:META-INF/config/local/database_pay.properties', class path resource [META-INF/config/local/database_pay.properties] cannot be resolved to URL because it does not exist
2014-04-03 01:40:52,196 INFO  [Thread-1@/config/database_pay.properties] util.FileWatchdog (Slf4jLogger.java:57)     - watch thread Thread-1@/config/database_pay.properties start watch /config/database_pay.properties :
2014-04-03 01:40:52,196 INFO  [Thread-2] config.ConfigManager (Slf4jLogger.java:57)     - watch and notify thread start:
2014-04-03 01:40:52,305 INFO  [main] support.DefaultListableBeanFactory (DefaultListableBeanFactory.java:414)     - Pre-instantiating singletons in org.springframework.beans.factory.support.DefaultListableBeanFactory@580eac5a: defining beans [configuration,configuration_pay,hosts,org.springframework.beans.factory.config.PropertyPlaceholderConfigurer#0,datasource.QUEUE_DB,datasource.ACTION,datasource.ANJUKE_DB,datasource.ANJUKE_DB_SLAVE,datasource.ANJUKE_DB_JOB_SLAVE,datasource.ANJUKE_DB_AUTH,datasource.ANJUKE_DB_AUTH_SLAVE,datasource.ANJUKE_DB_KEYWORD,datasource.PROP_REFRESH,datasource.FORUM_DB,datasource.USER_DB,datasource.USER_DB_SLAVE,datasource.IMAGE_DB,datasource.IMAGE_DB_SLAVE,datasource.IMAGE_EXT_DB,datasource.HAOZU_DB,datasource.PROP_DB,datasource.DW_DB,datasource.STATS_DB,datasource.CRM_DB,datasource.AJK_PROPS_DB_SH,datasource.AJK_PROPS_DB_BJ,datasource.AJK_PROPS_DB_OTH,datasource.AJK_PROPS_DB_04,datasource.AJK_PROPS_DB_SH_SLAVE,datasource.AJK_PROPS_DB_BJ_SLAVE,datasource.AJK_PROPS_DB_OTH_SLAVE,datasource.AJK_PROPS_DB_04_SLAVE,datasource.AHDW_DB,datasource.AHDW_DB_SLAVE,datasource.BBS_DB,datasource.BBS_DB_SLAVE,datasource.ARK_DB,datasource.ARK_DB_SLAVE,datasource.AJK_DS_TMP,datasource.RENT_CRM_DB,datasource.PPC_DB,datasource.PPC_DB_SLAVE,datasource.HAOZU_DB_LOGS_DB,datasource.HAOZU_DB_LOGS_DB_SLAVE,datasource.MOBILE_DB,datasource.CRMEeasy,datasource.JINPU_DB_SLAVE,datasource.COMMUNITY_DB_SLAVE,datasource.EXES_LOG_DB,datasource.EXES_LOG_DB_SLAVE,datasource.Exes_DB_Offline,datasource.Exes_DB_Offline_Slave,datasource.USER_DB_PAY,datasource.USER_DB_PAY_SLAVE,datasource.USER_ACTIVITY,datasource.USER_ACTIVITY_SLAVE,datasource.anjuke_db_5_master,datasource.anjuke_db_5_slave,datasource.BROKER_DB,datasource.BROKER_DB_SLAVE,locator,iDataSource,dbConfigManager]; root of factory hierarchy
2014-04-03 01:40:52,306 INFO  [main] config.ConfigurationFactoryBean (Slf4jLogger.java:62)     - Skip config 'file:/config/DBHost.properties', /config/DBHost.properties (No such file or directory)
2014-04-03 01:40:52,307 INFO  [main] config.ConfigurationFactoryBean (Slf4jLogger.java:62)     - Skip config 'classpath:META-INF/config/local/DBHost.properties', class path resource [META-INF/config/local/DBHost.properties] cannot be resolved to URL because it does not exist
2014-04-03 01:40:52,309 INFO  [Thread-3@/config/DBHost.properties] util.FileWatchdog (Slf4jLogger.java:57)     - watch thread Thread-3@/config/DBHost.properties start watch /config/DBHost.properties :
2014-04-03 01:40:52,309 INFO  [Thread-4] config.ConfigManager (Slf4jLogger.java:57)     - watch and notify thread start:
2014-04-03 01:40:52,325 INFO  [main] support.ClassPathXmlApplicationContext (AbstractApplicationContext.java:411)     - Refreshing org.springframework.context.support.ClassPathXmlApplicationContext@238b8914: display name [org.springframework.context.support.ClassPathXmlApplicationContext@238b8914]; startup date [Thu Apr 03 01:40:52 CST 2014]; root of context hierarchy
2014-04-03 01:40:52,326 INFO  [main] xml.XmlBeanDefinitionReader (XmlBeanDefinitionReader.java:323)     - Loading XML bean definitions from class path resource [com/anjuke/core/config/ConfigModuleContext.xml]
2014-04-03 01:40:52,356 INFO  [main] support.ClassPathXmlApplicationContext (AbstractApplicationContext.java:426)     - Bean factory for application context [org.springframework.context.support.ClassPathXmlApplicationContext@238b8914]: org.springframework.beans.factory.support.DefaultListableBeanFactory@59d0d45b
2014-04-03 01:40:52,357 INFO  [main] support.DefaultListableBeanFactory (DefaultListableBeanFactory.java:414)     - Pre-instantiating singletons in org.springframework.beans.factory.support.DefaultListableBeanFactory@59d0d45b: defining beans [core-config]; root of factory hierarchy
2014-04-03 01:40:52,366 INFO  [main] config.ConfigurationFactoryBean (Slf4jLogger.java:62)     - Skip config 'classpath:META-INF/config/local/core-config.xml', class path resource [META-INF/config/local/core-config.xml] cannot be resolved to URL because it does not exist
2014-04-03 01:40:52,371 INFO  [Thread-5@/config/core-config.xml] util.FileWatchdog (Slf4jLogger.java:57)     - watch thread Thread-5@/config/core-config.xml start watch /config/core-config.xml :
2014-04-03 01:40:52,371 INFO  [Thread-6] config.ConfigManager (Slf4jLogger.java:57)     - watch and notify thread start:
2014-04-03 01:40:52,403 INFO  [main] trace             (Slf4jLogger.java:57)     - host name :192.168.2.102
2014-04-03 01:40:52,404 INFO  [Thread-7@/config/database.properties] util.FileWatchdog (Slf4jLogger.java:57)     - watch thread Thread-7@/config/database.properties start watch /config/database.properties :
2014-04-03 01:41:10,343 INFO  [main] support.ClassPathXmlApplicationContext (AbstractApplicationContext.java:411)     - Refreshing org.springframework.context.support.ClassPathXmlApplicationContext@17386918: display name [org.springframework.context.support.ClassPathXmlApplicationContext@17386918]; startup date [Thu Apr 03 01:41:10 CST 2014]; root of context hierarchy
2014-04-03 01:41:10,411 INFO  [main] xml.XmlBeanDefinitionReader (XmlBeanDefinitionReader.java:323)     - Loading XML bean definitions from class path resource [com/island/domain/DomainIslandModuleContext.xml]
2014-04-03 01:41:10,564 INFO  [main] support.ClassPathXmlApplicationContext (AbstractApplicationContext.java:426)     - Bean factory for application context [org.springframework.context.support.ClassPathXmlApplicationContext@17386918]: org.springframework.beans.factory.support.DefaultListableBeanFactory@7f712b3a
2014-04-03 01:41:10,577 INFO  [main] support.DefaultListableBeanFactory (DefaultListableBeanFactory.java:414)     - Pre-instantiating singletons in org.springframework.beans.factory.support.DefaultListableBeanFactory@7f712b3a: defining beans [BrokerPpcCeilingLogDAO,testBiz]; root of factory hierarchy
2014-04-03 01:41:10,588 INFO  [main] support.ClassPathXmlApplicationContext (AbstractApplicationContext.java:411)     - Refreshing org.springframework.context.support.ClassPathXmlApplicationContext@4f4db0e3: display name [org.springframework.context.support.ClassPathXmlApplicationContext@4f4db0e3]; startup date [Thu Apr 03 01:41:10 CST 2014]; root of context hierarchy
2014-04-03 01:41:10,589 INFO  [main] xml.XmlBeanDefinitionReader (XmlBeanDefinitionReader.java:323)     - Loading XML bean definitions from class path resource [com/anjuke/core/dal/datasource/DataSourceModuleContext.xml]
2014-04-03 01:41:10,797 INFO  [main] support.ClassPathXmlApplicationContext (AbstractApplicationContext.java:426)     - Bean factory for application context [org.springframework.context.support.ClassPathXmlApplicationContext@4f4db0e3]: org.springframework.beans.factory.support.DefaultListableBeanFactory@68ed662d
2014-04-03 01:41:10,917 INFO  [main] config.ConfigurationFactoryBean (Slf4jLogger.java:62)     - Skip config 'classpath:META-INF/config/local/database.properties', class path resource [META-INF/config/local/database.properties] cannot be resolved to URL because it does not exist
2014-04-03 01:41:10,957 INFO  [main] config.ConfigurationFactoryBean (Slf4jLogger.java:62)     - Skip config 'classpath:META-INF/config/local/database_pay.properties', class path resource [META-INF/config/local/database_pay.properties] cannot be resolved to URL because it does not exist
2014-04-03 01:41:10,962 INFO  [Thread-1@/config/database_pay.properties] util.FileWatchdog (Slf4jLogger.java:57)     - watch thread Thread-1@/config/database_pay.properties start watch /config/database_pay.properties :
2014-04-03 01:41:10,963 INFO  [Thread-2] config.ConfigManager (Slf4jLogger.java:57)     - watch and notify thread start:
2014-04-03 01:41:11,083 INFO  [main] support.DefaultListableBeanFactory (DefaultListableBeanFactory.java:414)     - Pre-instantiating singletons in org.springframework.beans.factory.support.DefaultListableBeanFactory@68ed662d: defining beans [configuration,configuration_pay,hosts,org.springframework.beans.factory.config.PropertyPlaceholderConfigurer#0,datasource.QUEUE_DB,datasource.ACTION,datasource.ANJUKE_DB,datasource.ANJUKE_DB_SLAVE,datasource.ANJUKE_DB_JOB_SLAVE,datasource.ANJUKE_DB_AUTH,datasource.ANJUKE_DB_AUTH_SLAVE,datasource.ANJUKE_DB_KEYWORD,datasource.PROP_REFRESH,datasource.FORUM_DB,datasource.USER_DB,datasource.USER_DB_SLAVE,datasource.IMAGE_DB,datasource.IMAGE_DB_SLAVE,datasource.IMAGE_EXT_DB,datasource.HAOZU_DB,datasource.PROP_DB,datasource.DW_DB,datasource.STATS_DB,datasource.CRM_DB,datasource.AJK_PROPS_DB_SH,datasource.AJK_PROPS_DB_BJ,datasource.AJK_PROPS_DB_OTH,datasource.AJK_PROPS_DB_04,datasource.AJK_PROPS_DB_SH_SLAVE,datasource.AJK_PROPS_DB_BJ_SLAVE,datasource.AJK_PROPS_DB_OTH_SLAVE,datasource.AJK_PROPS_DB_04_SLAVE,datasource.AHDW_DB,datasource.AHDW_DB_SLAVE,datasource.BBS_DB,datasource.BBS_DB_SLAVE,datasource.ARK_DB,datasource.ARK_DB_SLAVE,datasource.AJK_DS_TMP,datasource.RENT_CRM_DB,datasource.PPC_DB,datasource.PPC_DB_SLAVE,datasource.HAOZU_DB_LOGS_DB,datasource.HAOZU_DB_LOGS_DB_SLAVE,datasource.MOBILE_DB,datasource.CRMEeasy,datasource.JINPU_DB_SLAVE,datasource.COMMUNITY_DB_SLAVE,datasource.EXES_LOG_DB,datasource.EXES_LOG_DB_SLAVE,datasource.Exes_DB_Offline,datasource.Exes_DB_Offline_Slave,datasource.USER_DB_PAY,datasource.USER_DB_PAY_SLAVE,datasource.USER_ACTIVITY,datasource.USER_ACTIVITY_SLAVE,datasource.anjuke_db_5_master,datasource.anjuke_db_5_slave,datasource.BROKER_DB,datasource.BROKER_DB_SLAVE,locator,iDataSource,dbConfigManager]; root of factory hierarchy
2014-04-03 01:41:11,084 INFO  [main] config.ConfigurationFactoryBean (Slf4jLogger.java:62)     - Skip config 'file:/config/DBHost.properties', /config/DBHost.properties (No such file or directory)
2014-04-03 01:41:11,085 INFO  [main] config.ConfigurationFactoryBean (Slf4jLogger.java:62)     - Skip config 'classpath:META-INF/config/local/DBHost.properties', class path resource [META-INF/config/local/DBHost.properties] cannot be resolved to URL because it does not exist
2014-04-03 01:41:11,086 INFO  [Thread-3@/config/DBHost.properties] util.FileWatchdog (Slf4jLogger.java:57)     - watch thread Thread-3@/config/DBHost.properties start watch /config/DBHost.properties :
2014-04-03 01:41:11,086 INFO  [Thread-4] config.ConfigManager (Slf4jLogger.java:57)     - watch and notify thread start:
2014-04-03 01:41:11,099 INFO  [main] support.ClassPathXmlApplicationContext (AbstractApplicationContext.java:411)     - Refreshing org.springframework.context.support.ClassPathXmlApplicationContext@540984b: display name [org.springframework.context.support.ClassPathXmlApplicationContext@540984b]; startup date [Thu Apr 03 01:41:11 CST 2014]; root of context hierarchy
2014-04-03 01:41:11,100 INFO  [main] xml.XmlBeanDefinitionReader (XmlBeanDefinitionReader.java:323)     - Loading XML bean definitions from class path resource [com/anjuke/core/config/ConfigModuleContext.xml]
2014-04-03 01:41:11,127 INFO  [main] support.ClassPathXmlApplicationContext (AbstractApplicationContext.java:426)     - Bean factory for application context [org.springframework.context.support.ClassPathXmlApplicationContext@540984b]: org.springframework.beans.factory.support.DefaultListableBeanFactory@a00185
2014-04-03 01:41:11,128 INFO  [main] support.DefaultListableBeanFactory (DefaultListableBeanFactory.java:414)     - Pre-instantiating singletons in org.springframework.beans.factory.support.DefaultListableBeanFactory@a00185: defining beans [core-config]; root of factory hierarchy
2014-04-03 01:41:11,140 INFO  [main] config.ConfigurationFactoryBean (Slf4jLogger.java:62)     - Skip config 'classpath:META-INF/config/local/core-config.xml', class path resource [META-INF/config/local/core-config.xml] cannot be resolved to URL because it does not exist
2014-04-03 01:41:11,143 INFO  [Thread-5@/config/core-config.xml] util.FileWatchdog (Slf4jLogger.java:57)     - watch thread Thread-5@/config/core-config.xml start watch /config/core-config.xml :
2014-04-03 01:41:11,143 INFO  [Thread-6] config.ConfigManager (Slf4jLogger.java:57)     - watch and notify thread start:
2014-04-03 01:41:11,167 INFO  [main] trace             (Slf4jLogger.java:57)     - host name :192.168.2.102
2014-04-03 01:41:11,167 INFO  [Thread-7@/config/database.properties] util.FileWatchdog (Slf4jLogger.java:57)     - watch thread Thread-7@/config/database.properties start watch /config/database.properties :
2014-04-07 00:49:28,627 INFO  [main] support.ClassPathXmlApplicationContext (AbstractApplicationContext.java:411)     - Refreshing org.springframework.context.support.ClassPathXmlApplicationContext@528acf6e: display name [org.springframework.context.support.ClassPathXmlApplicationContext@528acf6e]; startup date [Mon Apr 07 00:49:28 CST 2014]; root of context hierarchy
2014-04-07 00:49:28,690 INFO  [main] xml.XmlBeanDefinitionReader (XmlBeanDefinitionReader.java:323)     - Loading XML bean definitions from class path resource [com/island/domain/DomainIslandModuleContext.xml]
2014-04-07 00:49:28,841 INFO  [main] support.ClassPathXmlApplicationContext (AbstractApplicationContext.java:426)     - Bean factory for application context [org.springframework.context.support.ClassPathXmlApplicationContext@528acf6e]: org.springframework.beans.factory.support.DefaultListableBeanFactory@56609959
2014-04-07 00:49:28,856 INFO  [main] support.DefaultListableBeanFactory (DefaultListableBeanFactory.java:414)     - Pre-instantiating singletons in org.springframework.beans.factory.support.DefaultListableBeanFactory@56609959: defining beans [BrokerPpcCeilingLogDAO,testBiz]; root of factory hierarchy
2014-04-07 00:49:28,867 INFO  [main] support.ClassPathXmlApplicationContext (AbstractApplicationContext.java:411)     - Refreshing org.springframework.context.support.ClassPathXmlApplicationContext@6e84cc09: display name [org.springframework.context.support.ClassPathXmlApplicationContext@6e84cc09]; startup date [Mon Apr 07 00:49:28 CST 2014]; root of context hierarchy
2014-04-07 00:49:28,869 INFO  [main] xml.XmlBeanDefinitionReader (XmlBeanDefinitionReader.java:323)     - Loading XML bean definitions from class path resource [com/jcl/core/dal/datasource/DataSourceModuleContext.xml]
2014-04-07 00:49:28,926 INFO  [main] support.ClassPathXmlApplicationContext (AbstractApplicationContext.java:426)     - Bean factory for application context [org.springframework.context.support.ClassPathXmlApplicationContext@6e84cc09]: org.springframework.beans.factory.support.DefaultListableBeanFactory@276a38b5
2014-04-07 00:49:29,050 INFO  [main] config.ConfigurationFactoryBean (Slf4jLogger.java:64)     - Skip config 'classpath:META-INF/config/local/database.properties', class path resource [META-INF/config/local/database.properties] cannot be resolved to URL because it does not exist
2014-04-07 00:49:29,092 INFO  [main] config.ConfigurationFactoryBean (Slf4jLogger.java:64)     - Skip config 'classpath:META-INF/config/local/database_pay.properties', class path resource [META-INF/config/local/database_pay.properties] cannot be resolved to URL because it does not exist
2014-04-07 00:49:29,097 INFO  [Thread-1@/config/database_pay.properties] util.FileWatchdog (Slf4jLogger.java:59)     - watch thread Thread-1@/config/database_pay.properties start watch /config/database_pay.properties :
2014-04-07 00:49:29,097 INFO  [Thread-2] config.ConfigManager (Slf4jLogger.java:59)     - watch and notify thread start:
2014-04-07 00:49:29,179 INFO  [main] support.DefaultListableBeanFactory (DefaultListableBeanFactory.java:414)     - Pre-instantiating singletons in org.springframework.beans.factory.support.DefaultListableBeanFactory@276a38b5: defining beans [configuration,configuration_pay,hosts,org.springframework.beans.factory.config.PropertyPlaceholderConfigurer#0,datasource.PPC_DB,datasource.PPC_DB_SLAVE,locator,iDataSource,dbConfigManager]; root of factory hierarchy
2014-04-07 00:49:29,180 INFO  [main] config.ConfigurationFactoryBean (Slf4jLogger.java:64)     - Skip config 'file:/config/DBHost.properties', /config/DBHost.properties (No such file or directory)
2014-04-07 00:49:29,181 INFO  [main] config.ConfigurationFactoryBean (Slf4jLogger.java:64)     - Skip config 'classpath:META-INF/config/local/DBHost.properties', class path resource [META-INF/config/local/DBHost.properties] cannot be resolved to URL because it does not exist
2014-04-07 00:49:29,182 INFO  [Thread-3@/config/DBHost.properties] util.FileWatchdog (Slf4jLogger.java:59)     - watch thread Thread-3@/config/DBHost.properties start watch /config/DBHost.properties :
2014-04-07 00:49:29,182 INFO  [Thread-4] config.ConfigManager (Slf4jLogger.java:59)     - watch and notify thread start:
2014-04-07 00:49:29,189 INFO  [main] support.ClassPathXmlApplicationContext (AbstractApplicationContext.java:411)     - Refreshing org.springframework.context.support.ClassPathXmlApplicationContext@8c943d1: display name [org.springframework.context.support.ClassPathXmlApplicationContext@8c943d1]; startup date [Mon Apr 07 00:49:29 CST 2014]; root of context hierarchy
2014-04-07 00:49:29,190 INFO  [main] xml.XmlBeanDefinitionReader (XmlBeanDefinitionReader.java:323)     - Loading XML bean definitions from class path resource [com/jcl/core/config/ConfigModuleContext.xml]
2014-04-07 00:49:29,222 INFO  [main] support.ClassPathXmlApplicationContext (AbstractApplicationContext.java:426)     - Bean factory for application context [org.springframework.context.support.ClassPathXmlApplicationContext@8c943d1]: org.springframework.beans.factory.support.DefaultListableBeanFactory@30ff94b1
2014-04-07 00:49:29,224 INFO  [main] support.DefaultListableBeanFactory (DefaultListableBeanFactory.java:414)     - Pre-instantiating singletons in org.springframework.beans.factory.support.DefaultListableBeanFactory@30ff94b1: defining beans [core-config]; root of factory hierarchy
2014-04-07 00:49:29,241 INFO  [main] config.ConfigurationFactoryBean (Slf4jLogger.java:64)     - Skip config 'classpath:META-INF/config/local/core-config.xml', class path resource [META-INF/config/local/core-config.xml] cannot be resolved to URL because it does not exist
2014-04-07 00:49:29,247 INFO  [Thread-5@/config/core-config.xml] util.FileWatchdog (Slf4jLogger.java:59)     - watch thread Thread-5@/config/core-config.xml start watch /config/core-config.xml :
2014-04-07 00:49:29,256 INFO  [Thread-6] config.ConfigManager (Slf4jLogger.java:59)     - watch and notify thread start:
2014-04-07 00:49:29,277 INFO  [main] trace             (Slf4jLogger.java:59)     - host name :localhost
2014-04-07 00:49:29,278 INFO  [Thread-7@/config/database.properties] util.FileWatchdog (Slf4jLogger.java:59)     - watch thread Thread-7@/config/database.properties start watch /config/database.properties :
2014-04-07 00:49:29,541 INFO  [main] support.DefaultListableBeanFactory (DefaultSingletonBeanRegistry.java:421)     - Destroying singletons in org.springframework.beans.factory.support.DefaultListableBeanFactory@56609959: defining beans [BrokerPpcCeilingLogDAO,testBiz]; root of factory hierarchy
2014-04-07 00:55:16,503 INFO  [main] support.ClassPathXmlApplicationContext (AbstractApplicationContext.java:411)     - Refreshing org.springframework.context.support.ClassPathXmlApplicationContext@528acf6e: display name [org.springframework.context.support.ClassPathXmlApplicationContext@528acf6e]; startup date [Mon Apr 07 00:55:16 CST 2014]; root of context hierarchy
2014-04-07 00:55:16,562 INFO  [main] xml.XmlBeanDefinitionReader (XmlBeanDefinitionReader.java:323)     - Loading XML bean definitions from class path resource [com/island/domain/DomainIslandModuleContext.xml]
2014-04-07 00:55:16,709 INFO  [main] support.ClassPathXmlApplicationContext (AbstractApplicationContext.java:426)     - Bean factory for application context [org.springframework.context.support.ClassPathXmlApplicationContext@528acf6e]: org.springframework.beans.factory.support.DefaultListableBeanFactory@5ff3ce5c
2014-04-07 00:55:16,728 INFO  [main] support.DefaultListableBeanFactory (DefaultListableBeanFactory.java:414)     - Pre-instantiating singletons in org.springframework.beans.factory.support.DefaultListableBeanFactory@5ff3ce5c: defining beans [BrokerPpcCeilingLogDAO,testBiz]; root of factory hierarchy
2014-04-07 00:55:16,736 INFO  [main] support.ClassPathXmlApplicationContext (AbstractApplicationContext.java:411)     - Refreshing org.springframework.context.support.ClassPathXmlApplicationContext@506f9b8e: display name [org.springframework.context.support.ClassPathXmlApplicationContext@506f9b8e]; startup date [Mon Apr 07 00:55:16 CST 2014]; root of context hierarchy
2014-04-07 00:55:16,738 INFO  [main] xml.XmlBeanDefinitionReader (XmlBeanDefinitionReader.java:323)     - Loading XML bean definitions from class path resource [com/jcl/core/dal/datasource/DataSourceModuleContext.xml]
2014-04-07 00:55:16,794 INFO  [main] support.ClassPathXmlApplicationContext (AbstractApplicationContext.java:426)     - Bean factory for application context [org.springframework.context.support.ClassPathXmlApplicationContext@506f9b8e]: org.springframework.beans.factory.support.DefaultListableBeanFactory@5749b290
2014-04-07 00:55:16,902 INFO  [main] config.ConfigurationFactoryBean (Slf4jLogger.java:64)     - Skip config 'classpath:META-INF/config/local/database.properties', class path resource [META-INF/config/local/database.properties] cannot be resolved to URL because it does not exist
2014-04-07 00:55:16,942 INFO  [main] config.ConfigurationFactoryBean (Slf4jLogger.java:64)     - Skip config 'classpath:META-INF/config/local/database_pay.properties', class path resource [META-INF/config/local/database_pay.properties] cannot be resolved to URL because it does not exist
2014-04-07 00:55:16,946 INFO  [Thread-1@/config/database_pay.properties] util.FileWatchdog (Slf4jLogger.java:59)     - watch thread Thread-1@/config/database_pay.properties start watch /config/database_pay.properties :
2014-04-07 00:55:16,946 INFO  [Thread-2] config.ConfigManager (Slf4jLogger.java:59)     - watch and notify thread start:
2014-04-07 00:55:17,015 INFO  [main] support.DefaultListableBeanFactory (DefaultListableBeanFactory.java:414)     - Pre-instantiating singletons in org.springframework.beans.factory.support.DefaultListableBeanFactory@5749b290: defining beans [configuration,configuration_pay,hosts,org.springframework.beans.factory.config.PropertyPlaceholderConfigurer#0,datasource.PPC_DB,datasource.PPC_DB_SLAVE,locator,iDataSource,dbConfigManager]; root of factory hierarchy
2014-04-07 00:55:17,017 INFO  [main] config.ConfigurationFactoryBean (Slf4jLogger.java:64)     - Skip config 'file:/config/DBHost.properties', /config/DBHost.properties (No such file or directory)
2014-04-07 00:55:17,018 INFO  [main] config.ConfigurationFactoryBean (Slf4jLogger.java:64)     - Skip config 'classpath:META-INF/config/local/DBHost.properties', class path resource [META-INF/config/local/DBHost.properties] cannot be resolved to URL because it does not exist
2014-04-07 00:55:17,019 INFO  [Thread-3@/config/DBHost.properties] util.FileWatchdog (Slf4jLogger.java:59)     - watch thread Thread-3@/config/DBHost.properties start watch /config/DBHost.properties :
2014-04-07 00:55:17,020 INFO  [Thread-4] config.ConfigManager (Slf4jLogger.java:59)     - watch and notify thread start:
2014-04-07 00:55:17,030 INFO  [main] support.ClassPathXmlApplicationContext (AbstractApplicationContext.java:411)     - Refreshing org.springframework.context.support.ClassPathXmlApplicationContext@132789d2: display name [org.springframework.context.support.ClassPathXmlApplicationContext@132789d2]; startup date [Mon Apr 07 00:55:17 CST 2014]; root of context hierarchy
2014-04-07 00:55:17,030 INFO  [main] xml.XmlBeanDefinitionReader (XmlBeanDefinitionReader.java:323)     - Loading XML bean definitions from class path resource [com/jcl/core/config/ConfigModuleContext.xml]
2014-04-07 00:55:17,061 INFO  [main] support.ClassPathXmlApplicationContext (AbstractApplicationContext.java:426)     - Bean factory for application context [org.springframework.context.support.ClassPathXmlApplicationContext@132789d2]: org.springframework.beans.factory.support.DefaultListableBeanFactory@46edf730
2014-04-07 00:55:17,062 INFO  [main] support.DefaultListableBeanFactory (DefaultListableBeanFactory.java:414)     - Pre-instantiating singletons in org.springframework.beans.factory.support.DefaultListableBeanFactory@46edf730: defining beans [core-config]; root of factory hierarchy
2014-04-07 00:55:17,082 INFO  [main] config.ConfigurationFactoryBean (Slf4jLogger.java:64)     - Skip config 'classpath:META-INF/config/local/core-config.xml', class path resource [META-INF/config/local/core-config.xml] cannot be resolved to URL because it does not exist
2014-04-07 00:55:17,088 INFO  [Thread-5@/config/core-config.xml] util.FileWatchdog (Slf4jLogger.java:59)     - watch thread Thread-5@/config/core-config.xml start watch /config/core-config.xml :
2014-04-07 00:55:17,096 INFO  [Thread-6] config.ConfigManager (Slf4jLogger.java:59)     - watch and notify thread start:
2014-04-07 00:55:17,121 INFO  [main] trace             (Slf4jLogger.java:59)     - host name :localhost
2014-04-07 00:55:17,122 INFO  [Thread-7@/config/database.properties] util.FileWatchdog (Slf4jLogger.java:59)     - watch thread Thread-7@/config/database.properties start watch /config/database.properties :
2014-04-07 00:55:17,348 INFO  [main] support.DefaultListableBeanFactory (DefaultSingletonBeanRegistry.java:421)     - Destroying singletons in org.springframework.beans.factory.support.DefaultListableBeanFactory@5ff3ce5c: defining beans [BrokerPpcCeilingLogDAO,testBiz]; root of factory hierarchy
2014-04-07 00:56:07,766 INFO  [main] support.ClassPathXmlApplicationContext (AbstractApplicationContext.java:411)     - Refreshing org.springframework.context.support.ClassPathXmlApplicationContext@787bb290: display name [org.springframework.context.support.ClassPathXmlApplicationContext@787bb290]; startup date [Mon Apr 07 00:56:07 CST 2014]; root of context hierarchy
2014-04-07 00:56:07,826 INFO  [main] xml.XmlBeanDefinitionReader (XmlBeanDefinitionReader.java:323)     - Loading XML bean definitions from class path resource [com/island/domain/DomainIslandModuleContext.xml]
2014-04-07 00:56:07,968 INFO  [main] support.ClassPathXmlApplicationContext (AbstractApplicationContext.java:426)     - Bean factory for application context [org.springframework.context.support.ClassPathXmlApplicationContext@787bb290]: org.springframework.beans.factory.support.DefaultListableBeanFactory@7f712b3a
2014-04-07 00:56:07,985 INFO  [main] support.DefaultListableBeanFactory (DefaultListableBeanFactory.java:414)     - Pre-instantiating singletons in org.springframework.beans.factory.support.DefaultListableBeanFactory@7f712b3a: defining beans [BrokerPpcCeilingLogDAO,testBiz]; root of factory hierarchy
2014-04-07 00:56:07,997 INFO  [main] support.ClassPathXmlApplicationContext (AbstractApplicationContext.java:411)     - Refreshing org.springframework.context.support.ClassPathXmlApplicationContext@4f4db0e3: display name [org.springframework.context.support.ClassPathXmlApplicationContext@4f4db0e3]; startup date [Mon Apr 07 00:56:07 CST 2014]; root of context hierarchy
2014-04-07 00:56:07,998 INFO  [main] xml.XmlBeanDefinitionReader (XmlBeanDefinitionReader.java:323)     - Loading XML bean definitions from class path resource [com/jcl/core/dal/datasource/DataSourceModuleContext.xml]
2014-04-07 00:56:08,051 INFO  [main] support.ClassPathXmlApplicationContext (AbstractApplicationContext.java:426)     - Bean factory for application context [org.springframework.context.support.ClassPathXmlApplicationContext@4f4db0e3]: org.springframework.beans.factory.support.DefaultListableBeanFactory@6855a338
2014-04-07 00:56:08,167 INFO  [main] config.ConfigurationFactoryBean (Slf4jLogger.java:64)     - Skip config 'classpath:META-INF/config/local/database.properties', class path resource [META-INF/config/local/database.properties] cannot be resolved to URL because it does not exist
2014-04-07 00:56:08,207 INFO  [main] config.ConfigurationFactoryBean (Slf4jLogger.java:64)     - Skip config 'classpath:META-INF/config/local/database_pay.properties', class path resource [META-INF/config/local/database_pay.properties] cannot be resolved to URL because it does not exist
2014-04-07 00:56:08,213 INFO  [Thread-1@/config/database_pay.properties] util.FileWatchdog (Slf4jLogger.java:59)     - watch thread Thread-1@/config/database_pay.properties start watch /config/database_pay.properties :
2014-04-07 00:56:08,213 INFO  [Thread-2] config.ConfigManager (Slf4jLogger.java:59)     - watch and notify thread start:
2014-04-07 00:56:08,295 INFO  [main] support.DefaultListableBeanFactory (DefaultListableBeanFactory.java:414)     - Pre-instantiating singletons in org.springframework.beans.factory.support.DefaultListableBeanFactory@6855a338: defining beans [configuration,configuration_pay,hosts,org.springframework.beans.factory.config.PropertyPlaceholderConfigurer#0,datasource.PPC_DB,datasource.PPC_DB_SLAVE,locator,iDataSource,dbConfigManager]; root of factory hierarchy
2014-04-07 00:56:08,296 INFO  [main] config.ConfigurationFactoryBean (Slf4jLogger.java:64)     - Skip config 'file:/config/DBHost.properties', /config/DBHost.properties (No such file or directory)
2014-04-07 00:56:08,297 INFO  [main] config.ConfigurationFactoryBean (Slf4jLogger.java:64)     - Skip config 'classpath:META-INF/config/local/DBHost.properties', class path resource [META-INF/config/local/DBHost.properties] cannot be resolved to URL because it does not exist
2014-04-07 00:56:08,298 INFO  [Thread-3@/config/DBHost.properties] util.FileWatchdog (Slf4jLogger.java:59)     - watch thread Thread-3@/config/DBHost.properties start watch /config/DBHost.properties :
2014-04-07 00:56:08,298 INFO  [Thread-4] config.ConfigManager (Slf4jLogger.java:59)     - watch and notify thread start:
2014-04-07 00:56:08,305 INFO  [main] support.ClassPathXmlApplicationContext (AbstractApplicationContext.java:411)     - Refreshing org.springframework.context.support.ClassPathXmlApplicationContext@20b40ec4: display name [org.springframework.context.support.ClassPathXmlApplicationContext@20b40ec4]; startup date [Mon Apr 07 00:56:08 CST 2014]; root of context hierarchy
2014-04-07 00:56:08,306 INFO  [main] xml.XmlBeanDefinitionReader (XmlBeanDefinitionReader.java:323)     - Loading XML bean definitions from class path resource [com/jcl/core/config/ConfigModuleContext.xml]
2014-04-07 00:56:08,342 INFO  [main] support.ClassPathXmlApplicationContext (AbstractApplicationContext.java:426)     - Bean factory for application context [org.springframework.context.support.ClassPathXmlApplicationContext@20b40ec4]: org.springframework.beans.factory.support.DefaultListableBeanFactory@6ab30913
2014-04-07 00:56:08,344 INFO  [main] support.DefaultListableBeanFactory (DefaultListableBeanFactory.java:414)     - Pre-instantiating singletons in org.springframework.beans.factory.support.DefaultListableBeanFactory@6ab30913: defining beans [core-config]; root of factory hierarchy
2014-04-07 00:56:08,358 INFO  [main] config.ConfigurationFactoryBean (Slf4jLogger.java:64)     - Skip config 'classpath:META-INF/config/local/core-config.xml', class path resource [META-INF/config/local/core-config.xml] cannot be resolved to URL because it does not exist
2014-04-07 00:56:08,362 INFO  [Thread-5@/config/core-config.xml] util.FileWatchdog (Slf4jLogger.java:59)     - watch thread Thread-5@/config/core-config.xml start watch /config/core-config.xml :
2014-04-07 00:56:08,370 INFO  [Thread-6] config.ConfigManager (Slf4jLogger.java:59)     - watch and notify thread start:
2014-04-07 00:56:08,393 INFO  [main] trace             (Slf4jLogger.java:59)     - host name :localhost
2014-04-07 00:56:08,394 INFO  [Thread-7@/config/database.properties] util.FileWatchdog (Slf4jLogger.java:59)     - watch thread Thread-7@/config/database.properties start watch /config/database.properties :
2014-04-07 00:56:32,647 INFO  [main] support.ClassPathXmlApplicationContext (AbstractApplicationContext.java:411)     - Refreshing org.springframework.context.support.ClassPathXmlApplicationContext@17386918: display name [org.springframework.context.support.ClassPathXmlApplicationContext@17386918]; startup date [Mon Apr 07 00:56:32 CST 2014]; root of context hierarchy
2014-04-07 00:56:32,711 INFO  [main] xml.XmlBeanDefinitionReader (XmlBeanDefinitionReader.java:323)     - Loading XML bean definitions from class path resource [com/island/domain/DomainIslandModuleContext.xml]
2014-04-07 00:56:32,865 INFO  [main] support.ClassPathXmlApplicationContext (AbstractApplicationContext.java:426)     - Bean factory for application context [org.springframework.context.support.ClassPathXmlApplicationContext@17386918]: org.springframework.beans.factory.support.DefaultListableBeanFactory@5ff3ce5c
2014-04-07 00:56:32,879 INFO  [main] support.DefaultListableBeanFactory (DefaultListableBeanFactory.java:414)     - Pre-instantiating singletons in org.springframework.beans.factory.support.DefaultListableBeanFactory@5ff3ce5c: defining beans [BrokerPpcCeilingLogDAO,testBiz]; root of factory hierarchy
2014-04-07 00:56:32,890 INFO  [main] support.ClassPathXmlApplicationContext (AbstractApplicationContext.java:411)     - Refreshing org.springframework.context.support.ClassPathXmlApplicationContext@506f9b8e: display name [org.springframework.context.support.ClassPathXmlApplicationContext@506f9b8e]; startup date [Mon Apr 07 00:56:32 CST 2014]; root of context hierarchy
2014-04-07 00:56:32,892 INFO  [main] xml.XmlBeanDefinitionReader (XmlBeanDefinitionReader.java:323)     - Loading XML bean definitions from class path resource [com/jcl/core/dal/datasource/DataSourceModuleContext.xml]
2014-04-07 00:56:32,948 INFO  [main] support.ClassPathXmlApplicationContext (AbstractApplicationContext.java:426)     - Bean factory for application context [org.springframework.context.support.ClassPathXmlApplicationContext@506f9b8e]: org.springframework.beans.factory.support.DefaultListableBeanFactory@2eb1074a
2014-04-07 00:56:33,060 INFO  [main] config.ConfigurationFactoryBean (Slf4jLogger.java:64)     - Skip config 'classpath:META-INF/config/local/database.properties', class path resource [META-INF/config/local/database.properties] cannot be resolved to URL because it does not exist
2014-04-07 00:56:33,103 INFO  [main] config.ConfigurationFactoryBean (Slf4jLogger.java:64)     - Skip config 'classpath:META-INF/config/local/database_pay.properties', class path resource [META-INF/config/local/database_pay.properties] cannot be resolved to URL because it does not exist
2014-04-07 00:56:33,110 INFO  [Thread-1@/config/database_pay.properties] util.FileWatchdog (Slf4jLogger.java:59)     - watch thread Thread-1@/config/database_pay.properties start watch /config/database_pay.properties :
2014-04-07 00:56:33,110 INFO  [Thread-2] config.ConfigManager (Slf4jLogger.java:59)     - watch and notify thread start:
2014-04-07 00:56:33,181 INFO  [main] support.DefaultListableBeanFactory (DefaultListableBeanFactory.java:414)     - Pre-instantiating singletons in org.springframework.beans.factory.support.DefaultListableBeanFactory@2eb1074a: defining beans [configuration,configuration_pay,hosts,org.springframework.beans.factory.config.PropertyPlaceholderConfigurer#0,datasource.PPC_DB,datasource.PPC_DB_SLAVE,locator,iDataSource,dbConfigManager]; root of factory hierarchy
2014-04-07 00:56:33,183 INFO  [main] config.ConfigurationFactoryBean (Slf4jLogger.java:64)     - Skip config 'file:/config/DBHost.properties', /config/DBHost.properties (No such file or directory)
2014-04-07 00:56:33,184 INFO  [main] config.ConfigurationFactoryBean (Slf4jLogger.java:64)     - Skip config 'classpath:META-INF/config/local/DBHost.properties', class path resource [META-INF/config/local/DBHost.properties] cannot be resolved to URL because it does not exist
2014-04-07 00:56:33,186 INFO  [Thread-3@/config/DBHost.properties] util.FileWatchdog (Slf4jLogger.java:59)     - watch thread Thread-3@/config/DBHost.properties start watch /config/DBHost.properties :
2014-04-07 00:56:33,186 INFO  [Thread-4] config.ConfigManager (Slf4jLogger.java:59)     - watch and notify thread start:
2014-04-07 00:56:33,197 INFO  [main] support.ClassPathXmlApplicationContext (AbstractApplicationContext.java:411)     - Refreshing org.springframework.context.support.ClassPathXmlApplicationContext@558352d8: display name [org.springframework.context.support.ClassPathXmlApplicationContext@558352d8]; startup date [Mon Apr 07 00:56:33 CST 2014]; root of context hierarchy
2014-04-07 00:56:33,197 INFO  [main] xml.XmlBeanDefinitionReader (XmlBeanDefinitionReader.java:323)     - Loading XML bean definitions from class path resource [com/jcl/core/config/ConfigModuleContext.xml]
2014-04-07 00:56:33,229 INFO  [main] support.ClassPathXmlApplicationContext (AbstractApplicationContext.java:426)     - Bean factory for application context [org.springframework.context.support.ClassPathXmlApplicationContext@558352d8]: org.springframework.beans.factory.support.DefaultListableBeanFactory@5b7b0998
2014-04-07 00:56:33,231 INFO  [main] support.DefaultListableBeanFactory (DefaultListableBeanFactory.java:414)     - Pre-instantiating singletons in org.springframework.beans.factory.support.DefaultListableBeanFactory@5b7b0998: defining beans [core-config]; root of factory hierarchy
2014-04-07 00:56:33,245 INFO  [main] config.ConfigurationFactoryBean (Slf4jLogger.java:64)     - Skip config 'classpath:META-INF/config/local/core-config.xml', class path resource [META-INF/config/local/core-config.xml] cannot be resolved to URL because it does not exist
2014-04-07 00:56:33,251 INFO  [Thread-5@/config/core-config.xml] util.FileWatchdog (Slf4jLogger.java:59)     - watch thread Thread-5@/config/core-config.xml start watch /config/core-config.xml :
2014-04-07 00:56:33,257 INFO  [Thread-6] config.ConfigManager (Slf4jLogger.java:59)     - watch and notify thread start:
2014-04-07 00:56:33,286 INFO  [main] trace             (Slf4jLogger.java:59)     - host name :localhost
2014-04-07 00:56:33,286 INFO  [Thread-7@/config/database.properties] util.FileWatchdog (Slf4jLogger.java:59)     - watch thread Thread-7@/config/database.properties start watch /config/database.properties :
2014-04-10 00:20:33,389 INFO  [main] support.ClassPathXmlApplicationContext (AbstractApplicationContext.java:411)     - Refreshing org.springframework.context.support.ClassPathXmlApplicationContext@17386918: display name [org.springframework.context.support.ClassPathXmlApplicationContext@17386918]; startup date [Thu Apr 10 00:20:33 CST 2014]; root of context hierarchy
2014-04-10 00:20:33,460 INFO  [main] xml.XmlBeanDefinitionReader (XmlBeanDefinitionReader.java:323)     - Loading XML bean definitions from class path resource [com/island/domain/DomainIslandModuleContext.xml]
2014-04-10 00:20:33,599 INFO  [main] support.ClassPathXmlApplicationContext (AbstractApplicationContext.java:426)     - Bean factory for application context [org.springframework.context.support.ClassPathXmlApplicationContext@17386918]: org.springframework.beans.factory.support.DefaultListableBeanFactory@7f712b3a
2014-04-10 00:20:33,620 INFO  [main] support.DefaultListableBeanFactory (DefaultListableBeanFactory.java:414)     - Pre-instantiating singletons in org.springframework.beans.factory.support.DefaultListableBeanFactory@7f712b3a: defining beans [BrokerPpcCeilingLogDAO,testBiz]; root of factory hierarchy
2014-04-10 00:20:33,629 INFO  [main] support.ClassPathXmlApplicationContext (AbstractApplicationContext.java:411)     - Refreshing org.springframework.context.support.ClassPathXmlApplicationContext@4f4db0e3: display name [org.springframework.context.support.ClassPathXmlApplicationContext@4f4db0e3]; startup date [Thu Apr 10 00:20:33 CST 2014]; root of context hierarchy
2014-04-10 00:20:33,630 INFO  [main] xml.XmlBeanDefinitionReader (XmlBeanDefinitionReader.java:323)     - Loading XML bean definitions from class path resource [com/jcl/core/dal/datasource/DataSourceModuleContext.xml]
2014-04-10 00:20:33,677 INFO  [main] support.ClassPathXmlApplicationContext (AbstractApplicationContext.java:426)     - Bean factory for application context [org.springframework.context.support.ClassPathXmlApplicationContext@4f4db0e3]: org.springframework.beans.factory.support.DefaultListableBeanFactory@877ef83
2014-04-10 00:20:33,736 INFO  [main] config.ConfigurationFactoryBean (Slf4jLogger.java:64)     - Skip config 'file:/config/database.properties', /config/database.properties (No such file or directory)
2014-04-10 00:20:33,737 INFO  [main] config.ConfigurationFactoryBean (Slf4jLogger.java:64)     - Skip config 'classpath:META-INF/config/local/database.properties', class path resource [META-INF/config/local/database.properties] cannot be resolved to URL because it does not exist
2014-04-10 00:20:33,803 INFO  [main] config.ConfigurationFactoryBean (Slf4jLogger.java:64)     - Skip config 'classpath:META-INF/config/local/database_pay.properties', class path resource [META-INF/config/local/database_pay.properties] cannot be resolved to URL because it does not exist
2014-04-10 00:20:33,810 INFO  [Thread-1@/config/database_pay.properties] util.FileWatchdog (Slf4jLogger.java:59)     - watch thread Thread-1@/config/database_pay.properties start watch /config/database_pay.properties :
2014-04-10 00:20:33,811 INFO  [Thread-2] config.ConfigManager (Slf4jLogger.java:59)     - watch and notify thread start:
2014-04-10 00:20:33,890 INFO  [main] support.DefaultListableBeanFactory (DefaultListableBeanFactory.java:414)     - Pre-instantiating singletons in org.springframework.beans.factory.support.DefaultListableBeanFactory@877ef83: defining beans [configuration,configuration_pay,hosts,org.springframework.beans.factory.config.PropertyPlaceholderConfigurer#0,datasource.HAIDAO_DB,locator,iDataSource,dbConfigManager]; root of factory hierarchy
2014-04-10 00:20:33,891 INFO  [main] config.ConfigurationFactoryBean (Slf4jLogger.java:64)     - Skip config 'file:/config/DBHost.properties', /config/DBHost.properties (No such file or directory)
2014-04-10 00:20:33,892 INFO  [main] config.ConfigurationFactoryBean (Slf4jLogger.java:64)     - Skip config 'classpath:META-INF/config/local/DBHost.properties', class path resource [META-INF/config/local/DBHost.properties] cannot be resolved to URL because it does not exist
2014-04-10 00:20:33,893 INFO  [Thread-3@/config/DBHost.properties] util.FileWatchdog (Slf4jLogger.java:59)     - watch thread Thread-3@/config/DBHost.properties start watch /config/DBHost.properties :
2014-04-10 00:20:33,893 INFO  [Thread-4] config.ConfigManager (Slf4jLogger.java:59)     - watch and notify thread start:
2014-04-10 00:20:33,900 INFO  [main] support.ClassPathXmlApplicationContext (AbstractApplicationContext.java:411)     - Refreshing org.springframework.context.support.ClassPathXmlApplicationContext@46edf730: display name [org.springframework.context.support.ClassPathXmlApplicationContext@46edf730]; startup date [Thu Apr 10 00:20:33 CST 2014]; root of context hierarchy
2014-04-10 00:20:33,901 INFO  [main] xml.XmlBeanDefinitionReader (XmlBeanDefinitionReader.java:323)     - Loading XML bean definitions from class path resource [com/jcl/core/config/ConfigModuleContext.xml]
2014-04-10 00:20:33,937 INFO  [main] support.ClassPathXmlApplicationContext (AbstractApplicationContext.java:426)     - Bean factory for application context [org.springframework.context.support.ClassPathXmlApplicationContext@46edf730]: org.springframework.beans.factory.support.DefaultListableBeanFactory@2be2befa
2014-04-10 00:20:33,939 INFO  [main] support.DefaultListableBeanFactory (DefaultListableBeanFactory.java:414)     - Pre-instantiating singletons in org.springframework.beans.factory.support.DefaultListableBeanFactory@2be2befa: defining beans [core-config]; root of factory hierarchy
2014-04-10 00:20:33,956 INFO  [main] config.ConfigurationFactoryBean (Slf4jLogger.java:64)     - Skip config 'classpath:META-INF/config/local/core-config.xml', class path resource [META-INF/config/local/core-config.xml] cannot be resolved to URL because it does not exist
2014-04-10 00:20:33,962 INFO  [Thread-5@/config/core-config.xml] util.FileWatchdog (Slf4jLogger.java:59)     - watch thread Thread-5@/config/core-config.xml start watch /config/core-config.xml :
2014-04-10 00:20:33,962 INFO  [Thread-6] config.ConfigManager (Slf4jLogger.java:59)     - watch and notify thread start:
2014-04-10 00:20:33,992 INFO  [main] trace             (Slf4jLogger.java:59)     - host name :192.168.2.104
2014-04-10 00:20:34,001 INFO  [Thread-7@/config/database.properties] util.FileWatchdog (Slf4jLogger.java:59)     - watch thread Thread-7@/config/database.properties start watch /config/database.properties :
2014-04-10 00:20:34,005 INFO  [main] support.DefaultListableBeanFactory (DefaultSingletonBeanRegistry.java:421)     - Destroying singletons in org.springframework.beans.factory.support.DefaultListableBeanFactory@7f712b3a: defining beans [BrokerPpcCeilingLogDAO,testBiz]; root of factory hierarchy
2014-04-10 00:21:31,217 INFO  [main] support.ClassPathXmlApplicationContext (AbstractApplicationContext.java:411)     - Refreshing org.springframework.context.support.ClassPathXmlApplicationContext@17386918: display name [org.springframework.context.support.ClassPathXmlApplicationContext@17386918]; startup date [Thu Apr 10 00:21:31 CST 2014]; root of context hierarchy
2014-04-10 00:21:31,282 INFO  [main] xml.XmlBeanDefinitionReader (XmlBeanDefinitionReader.java:323)     - Loading XML bean definitions from class path resource [com/island/domain/DomainIslandModuleContext.xml]
2014-04-10 00:21:31,436 INFO  [main] support.ClassPathXmlApplicationContext (AbstractApplicationContext.java:426)     - Bean factory for application context [org.springframework.context.support.ClassPathXmlApplicationContext@17386918]: org.springframework.beans.factory.support.DefaultListableBeanFactory@5ff3ce5c
2014-04-10 00:21:31,454 INFO  [main] support.DefaultListableBeanFactory (DefaultListableBeanFactory.java:414)     - Pre-instantiating singletons in org.springframework.beans.factory.support.DefaultListableBeanFactory@5ff3ce5c: defining beans [BrokerPpcCeilingLogDAO,testBiz]; root of factory hierarchy
2014-04-10 00:21:31,466 INFO  [main] support.ClassPathXmlApplicationContext (AbstractApplicationContext.java:411)     - Refreshing org.springframework.context.support.ClassPathXmlApplicationContext@506f9b8e: display name [org.springframework.context.support.ClassPathXmlApplicationContext@506f9b8e]; startup date [Thu Apr 10 00:21:31 CST 2014]; root of context hierarchy
2014-04-10 00:21:31,467 INFO  [main] xml.XmlBeanDefinitionReader (XmlBeanDefinitionReader.java:323)     - Loading XML bean definitions from class path resource [com/jcl/core/dal/datasource/DataSourceModuleContext.xml]
2014-04-10 00:21:31,518 INFO  [main] support.ClassPathXmlApplicationContext (AbstractApplicationContext.java:426)     - Bean factory for application context [org.springframework.context.support.ClassPathXmlApplicationContext@506f9b8e]: org.springframework.beans.factory.support.DefaultListableBeanFactory@4e4ee70b
2014-04-10 00:21:31,586 INFO  [main] config.ConfigurationFactoryBean (Slf4jLogger.java:64)     - Skip config 'file:/config/database.properties', /config/database.properties (No such file or directory)
2014-04-10 00:21:31,587 INFO  [main] config.ConfigurationFactoryBean (Slf4jLogger.java:64)     - Skip config 'classpath:META-INF/config/local/database.properties', class path resource [META-INF/config/local/database.properties] cannot be resolved to URL because it does not exist
2014-04-10 00:21:31,655 INFO  [main] config.ConfigurationFactoryBean (Slf4jLogger.java:64)     - Skip config 'classpath:META-INF/config/local/database_pay.properties', class path resource [META-INF/config/local/database_pay.properties] cannot be resolved to URL because it does not exist
2014-04-10 00:21:31,661 INFO  [Thread-1@/config/database_pay.properties] util.FileWatchdog (Slf4jLogger.java:59)     - watch thread Thread-1@/config/database_pay.properties start watch /config/database_pay.properties :
2014-04-10 00:21:31,662 INFO  [Thread-2] config.ConfigManager (Slf4jLogger.java:59)     - watch and notify thread start:
2014-04-10 00:21:31,735 INFO  [main] support.DefaultListableBeanFactory (DefaultListableBeanFactory.java:414)     - Pre-instantiating singletons in org.springframework.beans.factory.support.DefaultListableBeanFactory@4e4ee70b: defining beans [configuration,configuration_pay,hosts,org.springframework.beans.factory.config.PropertyPlaceholderConfigurer#0,datasource.HAIDAO_DB,locator,iDataSource,dbConfigManager]; root of factory hierarchy
2014-04-10 00:21:31,737 INFO  [main] config.ConfigurationFactoryBean (Slf4jLogger.java:64)     - Skip config 'file:/config/DBHost.properties', /config/DBHost.properties (No such file or directory)
2014-04-10 00:21:31,738 INFO  [main] config.ConfigurationFactoryBean (Slf4jLogger.java:64)     - Skip config 'classpath:META-INF/config/local/DBHost.properties', class path resource [META-INF/config/local/DBHost.properties] cannot be resolved to URL because it does not exist
2014-04-10 00:21:31,739 INFO  [Thread-3@/config/DBHost.properties] util.FileWatchdog (Slf4jLogger.java:59)     - watch thread Thread-3@/config/DBHost.properties start watch /config/DBHost.properties :
2014-04-10 00:21:31,739 INFO  [Thread-4] config.ConfigManager (Slf4jLogger.java:59)     - watch and notify thread start:
2014-04-10 00:21:31,748 INFO  [main] support.ClassPathXmlApplicationContext (AbstractApplicationContext.java:411)     - Refreshing org.springframework.context.support.ClassPathXmlApplicationContext@d3576a2: display name [org.springframework.context.support.ClassPathXmlApplicationContext@d3576a2]; startup date [Thu Apr 10 00:21:31 CST 2014]; root of context hierarchy
2014-04-10 00:21:31,749 INFO  [main] xml.XmlBeanDefinitionReader (XmlBeanDefinitionReader.java:323)     - Loading XML bean definitions from class path resource [com/jcl/core/config/ConfigModuleContext.xml]
2014-04-10 00:21:31,786 INFO  [main] support.ClassPathXmlApplicationContext (AbstractApplicationContext.java:426)     - Bean factory for application context [org.springframework.context.support.ClassPathXmlApplicationContext@d3576a2]: org.springframework.beans.factory.support.DefaultListableBeanFactory@1018f51f
2014-04-10 00:21:31,788 INFO  [main] support.DefaultListableBeanFactory (DefaultListableBeanFactory.java:414)     - Pre-instantiating singletons in org.springframework.beans.factory.support.DefaultListableBeanFactory@1018f51f: defining beans [core-config]; root of factory hierarchy
2014-04-10 00:21:31,810 INFO  [main] config.ConfigurationFactoryBean (Slf4jLogger.java:64)     - Skip config 'classpath:META-INF/config/local/core-config.xml', class path resource [META-INF/config/local/core-config.xml] cannot be resolved to URL because it does not exist
2014-04-10 00:21:31,816 INFO  [Thread-5@/config/core-config.xml] util.FileWatchdog (Slf4jLogger.java:59)     - watch thread Thread-5@/config/core-config.xml start watch /config/core-config.xml :
2014-04-10 00:21:31,816 INFO  [Thread-6] config.ConfigManager (Slf4jLogger.java:59)     - watch and notify thread start:
2014-04-10 00:21:31,844 INFO  [main] trace             (Slf4jLogger.java:59)     - host name :192.168.2.104
2014-04-10 00:21:31,852 INFO  [Thread-7@/config/database.properties] util.FileWatchdog (Slf4jLogger.java:59)     - watch thread Thread-7@/config/database.properties start watch /config/database.properties :
2014-04-10 00:22:27,353 INFO  [main] support.ClassPathXmlApplicationContext (AbstractApplicationContext.java:411)     - Refreshing org.springframework.context.support.ClassPathXmlApplicationContext@17386918: display name [org.springframework.context.support.ClassPathXmlApplicationContext@17386918]; startup date [Thu Apr 10 00:22:27 CST 2014]; root of context hierarchy
2014-04-10 00:22:27,427 INFO  [main] xml.XmlBeanDefinitionReader (XmlBeanDefinitionReader.java:323)     - Loading XML bean definitions from class path resource [com/island/domain/DomainIslandModuleContext.xml]
2014-04-10 00:22:27,605 INFO  [main] support.ClassPathXmlApplicationContext (AbstractApplicationContext.java:426)     - Bean factory for application context [org.springframework.context.support.ClassPathXmlApplicationContext@17386918]: org.springframework.beans.factory.support.DefaultListableBeanFactory@5ff3ce5c
2014-04-10 00:22:27,618 INFO  [main] support.DefaultListableBeanFactory (DefaultListableBeanFactory.java:414)     - Pre-instantiating singletons in org.springframework.beans.factory.support.DefaultListableBeanFactory@5ff3ce5c: defining beans [BrokerPpcCeilingLogDAO,testBiz]; root of factory hierarchy
2014-04-10 00:22:27,626 INFO  [main] support.ClassPathXmlApplicationContext (AbstractApplicationContext.java:411)     - Refreshing org.springframework.context.support.ClassPathXmlApplicationContext@506f9b8e: display name [org.springframework.context.support.ClassPathXmlApplicationContext@506f9b8e]; startup date [Thu Apr 10 00:22:27 CST 2014]; root of context hierarchy
2014-04-10 00:22:27,627 INFO  [main] xml.XmlBeanDefinitionReader (XmlBeanDefinitionReader.java:323)     - Loading XML bean definitions from class path resource [com/jcl/core/dal/datasource/DataSourceModuleContext.xml]
2014-04-10 00:22:27,672 INFO  [main] support.ClassPathXmlApplicationContext (AbstractApplicationContext.java:426)     - Bean factory for application context [org.springframework.context.support.ClassPathXmlApplicationContext@506f9b8e]: org.springframework.beans.factory.support.DefaultListableBeanFactory@276a38b5
2014-04-10 00:22:27,734 INFO  [main] config.ConfigurationFactoryBean (Slf4jLogger.java:64)     - Skip config 'file:/config/database.properties', /config/database.properties (No such file or directory)
2014-04-10 00:22:27,735 INFO  [main] config.ConfigurationFactoryBean (Slf4jLogger.java:64)     - Skip config 'classpath:META-INF/config/local/database.properties', class path resource [META-INF/config/local/database.properties] cannot be resolved to URL because it does not exist
2014-04-10 00:22:27,799 INFO  [main] config.ConfigurationFactoryBean (Slf4jLogger.java:64)     - Skip config 'classpath:META-INF/config/local/database_pay.properties', class path resource [META-INF/config/local/database_pay.properties] cannot be resolved to URL because it does not exist
2014-04-10 00:22:27,809 INFO  [Thread-1@/config/database_pay.properties] util.FileWatchdog (Slf4jLogger.java:59)     - watch thread Thread-1@/config/database_pay.properties start watch /config/database_pay.properties :
2014-04-10 00:22:27,809 INFO  [Thread-2] config.ConfigManager (Slf4jLogger.java:59)     - watch and notify thread start:
2014-04-10 00:22:27,890 INFO  [main] support.DefaultListableBeanFactory (DefaultListableBeanFactory.java:414)     - Pre-instantiating singletons in org.springframework.beans.factory.support.DefaultListableBeanFactory@276a38b5: defining beans [configuration,configuration_pay,hosts,org.springframework.beans.factory.config.PropertyPlaceholderConfigurer#0,datasource.HAIDAO_DB,locator,iDataSource,dbConfigManager]; root of factory hierarchy
2014-04-10 00:22:27,891 INFO  [main] config.ConfigurationFactoryBean (Slf4jLogger.java:64)     - Skip config 'file:/config/DBHost.properties', /config/DBHost.properties (No such file or directory)
2014-04-10 00:22:27,892 INFO  [main] config.ConfigurationFactoryBean (Slf4jLogger.java:64)     - Skip config 'classpath:META-INF/config/local/DBHost.properties', class path resource [META-INF/config/local/DBHost.properties] cannot be resolved to URL because it does not exist
2014-04-10 00:22:27,893 INFO  [Thread-3@/config/DBHost.properties] util.FileWatchdog (Slf4jLogger.java:59)     - watch thread Thread-3@/config/DBHost.properties start watch /config/DBHost.properties :
2014-04-10 00:22:27,894 INFO  [Thread-4] config.ConfigManager (Slf4jLogger.java:59)     - watch and notify thread start:
2014-04-10 00:22:27,905 INFO  [main] support.ClassPathXmlApplicationContext (AbstractApplicationContext.java:411)     - Refreshing org.springframework.context.support.ClassPathXmlApplicationContext@8c943d1: display name [org.springframework.context.support.ClassPathXmlApplicationContext@8c943d1]; startup date [Thu Apr 10 00:22:27 CST 2014]; root of context hierarchy
2014-04-10 00:22:27,906 INFO  [main] xml.XmlBeanDefinitionReader (XmlBeanDefinitionReader.java:323)     - Loading XML bean definitions from class path resource [com/jcl/core/config/ConfigModuleContext.xml]
2014-04-10 00:22:27,933 INFO  [main] support.ClassPathXmlApplicationContext (AbstractApplicationContext.java:426)     - Bean factory for application context [org.springframework.context.support.ClassPathXmlApplicationContext@8c943d1]: org.springframework.beans.factory.support.DefaultListableBeanFactory@30ff94b1
2014-04-10 00:22:27,934 INFO  [main] support.DefaultListableBeanFactory (DefaultListableBeanFactory.java:414)     - Pre-instantiating singletons in org.springframework.beans.factory.support.DefaultListableBeanFactory@30ff94b1: defining beans [core-config]; root of factory hierarchy
2014-04-10 00:22:27,951 INFO  [main] config.ConfigurationFactoryBean (Slf4jLogger.java:64)     - Skip config 'classpath:META-INF/config/local/core-config.xml', class path resource [META-INF/config/local/core-config.xml] cannot be resolved to URL because it does not exist
2014-04-10 00:22:27,957 INFO  [Thread-5@/config/core-config.xml] util.FileWatchdog (Slf4jLogger.java:59)     - watch thread Thread-5@/config/core-config.xml start watch /config/core-config.xml :
2014-04-10 00:22:27,958 INFO  [Thread-6] config.ConfigManager (Slf4jLogger.java:59)     - watch and notify thread start:
2014-04-10 00:22:27,985 INFO  [main] trace             (Slf4jLogger.java:59)     - host name :192.168.2.104
2014-04-10 00:22:27,994 INFO  [Thread-7@/config/database.properties] util.FileWatchdog (Slf4jLogger.java:59)     - watch thread Thread-7@/config/database.properties start watch /config/database.properties :
2014-04-10 11:10:22,118 INFO  [main] support.ClassPathXmlApplicationContext (AbstractApplicationContext.java:411)     - Refreshing org.springframework.context.support.ClassPathXmlApplicationContext@5cbfe9d: display name [org.springframework.context.support.ClassPathXmlApplicationContext@5cbfe9d]; startup date [Thu Apr 10 11:10:22 CST 2014]; root of context hierarchy
2014-04-10 11:10:22,175 INFO  [main] xml.XmlBeanDefinitionReader (XmlBeanDefinitionReader.java:323)     - Loading XML bean definitions from class path resource [com/island/domain/DomainIslandModuleContext.xml]
2014-04-10 11:10:23,288 INFO  [main] support.ClassPathXmlApplicationContext (AbstractApplicationContext.java:426)     - Bean factory for application context [org.springframework.context.support.ClassPathXmlApplicationContext@5cbfe9d]: org.springframework.beans.factory.support.DefaultListableBeanFactory@7a0d85cc
2014-04-10 11:10:23,299 INFO  [main] support.DefaultListableBeanFactory (DefaultListableBeanFactory.java:414)     - Pre-instantiating singletons in org.springframework.beans.factory.support.DefaultListableBeanFactory@7a0d85cc: defining beans [BrokerPpcCeilingLogDAO,testBiz]; root of factory hierarchy
2014-04-10 11:10:23,305 INFO  [main] support.ClassPathXmlApplicationContext (AbstractApplicationContext.java:411)     - Refreshing org.springframework.context.support.ClassPathXmlApplicationContext@49dc423f: display name [org.springframework.context.support.ClassPathXmlApplicationContext@49dc423f]; startup date [Thu Apr 10 11:10:23 CST 2014]; root of context hierarchy
2014-04-10 11:10:23,306 INFO  [main] xml.XmlBeanDefinitionReader (XmlBeanDefinitionReader.java:323)     - Loading XML bean definitions from class path resource [com/jcl/core/dal/datasource/DataSourceModuleContext.xml]
2014-04-10 11:10:23,723 INFO  [main] support.ClassPathXmlApplicationContext (AbstractApplicationContext.java:426)     - Bean factory for application context [org.springframework.context.support.ClassPathXmlApplicationContext@49dc423f]: org.springframework.beans.factory.support.DefaultListableBeanFactory@2c8376b
2014-04-10 11:10:23,779 INFO  [main] config.ConfigurationFactoryBean (Slf4jLogger.java:64)     - Skip config 'file:/config/database.properties', /config/database.properties (No such file or directory)
2014-04-10 11:10:23,781 INFO  [main] config.ConfigurationFactoryBean (Slf4jLogger.java:64)     - Skip config 'classpath:META-INF/config/local/database.properties', class path resource [META-INF/config/local/database.properties] cannot be resolved to URL because it does not exist
2014-04-10 11:10:23,848 INFO  [main] config.ConfigurationFactoryBean (Slf4jLogger.java:64)     - Skip config 'classpath:META-INF/config/local/database_pay.properties', class path resource [META-INF/config/local/database_pay.properties] cannot be resolved to URL because it does not exist
2014-04-10 11:10:23,854 INFO  [Thread-2@/config/database_pay.properties] util.FileWatchdog (Slf4jLogger.java:59)     - watch thread Thread-2@/config/database_pay.properties start watch /config/database_pay.properties :
2014-04-10 11:10:23,855 INFO  [Thread-3] config.ConfigManager (Slf4jLogger.java:59)     - watch and notify thread start:
2014-04-10 11:10:23,941 INFO  [main] support.DefaultListableBeanFactory (DefaultListableBeanFactory.java:414)     - Pre-instantiating singletons in org.springframework.beans.factory.support.DefaultListableBeanFactory@2c8376b: defining beans [configuration,configuration_pay,hosts,org.springframework.beans.factory.config.PropertyPlaceholderConfigurer#0,datasource.HAIDAO_DB,locator,iDataSource,dbConfigManager]; root of factory hierarchy
2014-04-10 11:10:23,942 INFO  [main] config.ConfigurationFactoryBean (Slf4jLogger.java:64)     - Skip config 'file:/config/DBHost.properties', /config/DBHost.properties (No such file or directory)
2014-04-10 11:10:23,943 INFO  [main] config.ConfigurationFactoryBean (Slf4jLogger.java:64)     - Skip config 'classpath:META-INF/config/local/DBHost.properties', class path resource [META-INF/config/local/DBHost.properties] cannot be resolved to URL because it does not exist
2014-04-10 11:10:23,945 INFO  [Thread-4@/config/DBHost.properties] util.FileWatchdog (Slf4jLogger.java:59)     - watch thread Thread-4@/config/DBHost.properties start watch /config/DBHost.properties :
2014-04-10 11:10:23,945 INFO  [Thread-5] config.ConfigManager (Slf4jLogger.java:59)     - watch and notify thread start:
2014-04-10 11:10:23,955 INFO  [main] support.ClassPathXmlApplicationContext (AbstractApplicationContext.java:411)     - Refreshing org.springframework.context.support.ClassPathXmlApplicationContext@5d2aea3e: display name [org.springframework.context.support.ClassPathXmlApplicationContext@5d2aea3e]; startup date [Thu Apr 10 11:10:23 CST 2014]; root of context hierarchy
2014-04-10 11:10:23,958 INFO  [main] xml.XmlBeanDefinitionReader (XmlBeanDefinitionReader.java:323)     - Loading XML bean definitions from class path resource [com/jcl/core/config/ConfigModuleContext.xml]
2014-04-10 11:10:24,340 INFO  [main] support.ClassPathXmlApplicationContext (AbstractApplicationContext.java:426)     - Bean factory for application context [org.springframework.context.support.ClassPathXmlApplicationContext@5d2aea3e]: org.springframework.beans.factory.support.DefaultListableBeanFactory@337ec9f7
2014-04-10 11:10:24,341 INFO  [main] support.DefaultListableBeanFactory (DefaultListableBeanFactory.java:414)     - Pre-instantiating singletons in org.springframework.beans.factory.support.DefaultListableBeanFactory@337ec9f7: defining beans [core-config]; root of factory hierarchy
2014-04-10 11:10:24,359 INFO  [main] config.ConfigurationFactoryBean (Slf4jLogger.java:64)     - Skip config 'classpath:META-INF/config/local/core-config.xml', class path resource [META-INF/config/local/core-config.xml] cannot be resolved to URL because it does not exist
2014-04-10 11:10:24,363 INFO  [Thread-6@/config/core-config.xml] util.FileWatchdog (Slf4jLogger.java:59)     - watch thread Thread-6@/config/core-config.xml start watch /config/core-config.xml :
2014-04-10 11:10:24,363 INFO  [Thread-7] config.ConfigManager (Slf4jLogger.java:59)     - watch and notify thread start:
2014-04-10 11:10:24,386 INFO  [main] trace             (Slf4jLogger.java:59)     - host name :jcl.local
2014-04-10 11:10:24,386 INFO  [Thread-8@/config/database.properties] util.FileWatchdog (Slf4jLogger.java:59)     - watch thread Thread-8@/config/database.properties start watch /config/database.properties :
2014-04-11 14:17:09,134 INFO  [main] support.ClassPathXmlApplicationContext (AbstractApplicationContext.java:411)     - Refreshing org.springframework.context.support.ClassPathXmlApplicationContext@5f989f84: display name [org.springframework.context.support.ClassPathXmlApplicationContext@5f989f84]; startup date [Fri Apr 11 14:17:09 CST 2014]; root of context hierarchy
2014-04-11 14:17:09,195 INFO  [main] xml.XmlBeanDefinitionReader (XmlBeanDefinitionReader.java:323)     - Loading XML bean definitions from class path resource [com/island/domain/DomainIslandModuleContext.xml]
2014-04-11 14:17:10,275 INFO  [main] support.ClassPathXmlApplicationContext (AbstractApplicationContext.java:426)     - Bean factory for application context [org.springframework.context.support.ClassPathXmlApplicationContext@5f989f84]: org.springframework.beans.factory.support.DefaultListableBeanFactory@6c01bde4
2014-04-11 14:17:10,289 INFO  [main] support.DefaultListableBeanFactory (DefaultListableBeanFactory.java:414)     - Pre-instantiating singletons in org.springframework.beans.factory.support.DefaultListableBeanFactory@6c01bde4: defining beans [common,BrokerPpcCeilingLogDAO,testBiz]; root of factory hierarchy
2014-04-11 14:17:10,290 INFO  [main] support.DefaultListableBeanFactory (DefaultSingletonBeanRegistry.java:421)     - Destroying singletons in org.springframework.beans.factory.support.DefaultListableBeanFactory@6c01bde4: defining beans [common,BrokerPpcCeilingLogDAO,testBiz]; root of factory hierarchy
2014-04-11 14:17:39,199 INFO  [main] support.ClassPathXmlApplicationContext (AbstractApplicationContext.java:411)     - Refreshing org.springframework.context.support.ClassPathXmlApplicationContext@5f989f84: display name [org.springframework.context.support.ClassPathXmlApplicationContext@5f989f84]; startup date [Fri Apr 11 14:17:39 CST 2014]; root of context hierarchy
2014-04-11 14:17:39,249 INFO  [main] xml.XmlBeanDefinitionReader (XmlBeanDefinitionReader.java:323)     - Loading XML bean definitions from class path resource [com/island/domain/DomainIslandModuleContext.xml]
2014-04-11 14:17:39,799 INFO  [main] support.ClassPathXmlApplicationContext (AbstractApplicationContext.java:426)     - Bean factory for application context [org.springframework.context.support.ClassPathXmlApplicationContext@5f989f84]: org.springframework.beans.factory.support.DefaultListableBeanFactory@32955cd5
2014-04-11 14:17:39,810 INFO  [main] support.DefaultListableBeanFactory (DefaultListableBeanFactory.java:414)     - Pre-instantiating singletons in org.springframework.beans.factory.support.DefaultListableBeanFactory@32955cd5: defining beans [common,BrokerPpcCeilingLogDAO,testBiz]; root of factory hierarchy
2014-04-11 14:17:39,924 INFO  [Thread-2@/config/common.xml] util.FileWatchdog (Slf4jLogger.java:59)     - watch thread Thread-2@/config/common.xml start watch /config/common.xml :
2014-04-11 14:17:39,924 INFO  [Thread-3] config.ConfigManager (Slf4jLogger.java:59)     - watch and notify thread start:
2014-04-11 14:17:39,938 INFO  [main] support.ClassPathXmlApplicationContext (AbstractApplicationContext.java:411)     - Refreshing org.springframework.context.support.ClassPathXmlApplicationContext@235dd910: display name [org.springframework.context.support.ClassPathXmlApplicationContext@235dd910]; startup date [Fri Apr 11 14:17:39 CST 2014]; root of context hierarchy
2014-04-11 14:17:39,939 INFO  [main] xml.XmlBeanDefinitionReader (XmlBeanDefinitionReader.java:323)     - Loading XML bean definitions from class path resource [com/jcl/core/dal/datasource/DataSourceModuleContext.xml]
2014-04-11 14:17:40,364 INFO  [main] support.ClassPathXmlApplicationContext (AbstractApplicationContext.java:426)     - Bean factory for application context [org.springframework.context.support.ClassPathXmlApplicationContext@235dd910]: org.springframework.beans.factory.support.DefaultListableBeanFactory@6a47a0d4
2014-04-11 14:17:40,375 INFO  [main] config.ConfigurationFactoryBean (Slf4jLogger.java:64)     - Skip config 'file:/config/database.properties', /config/database.properties (No such file or directory)
2014-04-11 14:17:40,376 INFO  [main] config.ConfigurationFactoryBean (Slf4jLogger.java:64)     - Skip config 'classpath:META-INF/config/local/database.properties', class path resource [META-INF/config/local/database.properties] cannot be resolved to URL because it does not exist
2014-04-11 14:17:40,446 INFO  [main] config.ConfigurationFactoryBean (Slf4jLogger.java:64)     - Skip config 'classpath:META-INF/config/local/database_pay.properties', class path resource [META-INF/config/local/database_pay.properties] cannot be resolved to URL because it does not exist
2014-04-11 14:17:40,449 INFO  [Thread-4@/config/database_pay.properties] util.FileWatchdog (Slf4jLogger.java:59)     - watch thread Thread-4@/config/database_pay.properties start watch /config/database_pay.properties :
2014-04-11 14:17:40,450 INFO  [Thread-5] config.ConfigManager (Slf4jLogger.java:59)     - watch and notify thread start:
2014-04-11 14:17:40,513 INFO  [main] support.DefaultListableBeanFactory (DefaultListableBeanFactory.java:414)     - Pre-instantiating singletons in org.springframework.beans.factory.support.DefaultListableBeanFactory@6a47a0d4: defining beans [configuration,configuration_pay,hosts,org.springframework.beans.factory.config.PropertyPlaceholderConfigurer#0,datasource.HAIDAO_DB,locator,iDataSource,dbConfigManager]; root of factory hierarchy
2014-04-11 14:17:40,514 INFO  [main] config.ConfigurationFactoryBean (Slf4jLogger.java:64)     - Skip config 'file:/config/DBHost.properties', /config/DBHost.properties (No such file or directory)
2014-04-11 14:17:40,514 INFO  [main] config.ConfigurationFactoryBean (Slf4jLogger.java:64)     - Skip config 'classpath:META-INF/config/local/DBHost.properties', class path resource [META-INF/config/local/DBHost.properties] cannot be resolved to URL because it does not exist
2014-04-11 14:17:40,515 INFO  [Thread-6@/config/DBHost.properties] util.FileWatchdog (Slf4jLogger.java:59)     - watch thread Thread-6@/config/DBHost.properties start watch /config/DBHost.properties :
2014-04-11 14:17:40,515 INFO  [Thread-7] config.ConfigManager (Slf4jLogger.java:59)     - watch and notify thread start:
2014-04-11 14:17:40,525 INFO  [main] support.ClassPathXmlApplicationContext (AbstractApplicationContext.java:411)     - Refreshing org.springframework.context.support.ClassPathXmlApplicationContext@38aa233f: display name [org.springframework.context.support.ClassPathXmlApplicationContext@38aa233f]; startup date [Fri Apr 11 14:17:40 CST 2014]; root of context hierarchy
2014-04-11 14:17:40,526 INFO  [main] xml.XmlBeanDefinitionReader (XmlBeanDefinitionReader.java:323)     - Loading XML bean definitions from class path resource [com/jcl/core/config/ConfigModuleContext.xml]
2014-04-11 14:17:41,068 INFO  [main] support.ClassPathXmlApplicationContext (AbstractApplicationContext.java:426)     - Bean factory for application context [org.springframework.context.support.ClassPathXmlApplicationContext@38aa233f]: org.springframework.beans.factory.support.DefaultListableBeanFactory@6ad16fc1
2014-04-11 14:17:41,069 INFO  [main] support.DefaultListableBeanFactory (DefaultListableBeanFactory.java:414)     - Pre-instantiating singletons in org.springframework.beans.factory.support.DefaultListableBeanFactory@6ad16fc1: defining beans [core-config]; root of factory hierarchy
2014-04-11 14:17:41,080 INFO  [main] config.ConfigurationFactoryBean (Slf4jLogger.java:64)     - Skip config 'classpath:META-INF/config/local/core-config.xml', class path resource [META-INF/config/local/core-config.xml] cannot be resolved to URL because it does not exist
2014-04-11 14:17:41,084 INFO  [Thread-8@/config/core-config.xml] util.FileWatchdog (Slf4jLogger.java:59)     - watch thread Thread-8@/config/core-config.xml start watch /config/core-config.xml :
2014-04-11 14:17:41,084 INFO  [Thread-9] config.ConfigManager (Slf4jLogger.java:59)     - watch and notify thread start:
2014-04-11 14:17:41,102 INFO  [main] trace             (Slf4jLogger.java:59)     - host name :c417fe6bdd89.anjuke.net
2014-04-11 14:17:41,103 INFO  [Thread-10@/config/database.properties] util.FileWatchdog (Slf4jLogger.java:59)     - watch thread Thread-10@/config/database.properties start watch /config/database.properties :
2014-04-11 14:18:06,991 INFO  [Thread-2@/config/common.xml] util.FileWatchdog (Slf4jLogger.java:59)     - database configure changed at 1397197085000 Fri Apr 11 14:18:05 CST 2014
2014-04-11 14:18:32,063 INFO  [Thread-2@/config/common.xml] util.FileWatchdog (Slf4jLogger.java:59)     - database configure changed at 1397197110000 Fri Apr 11 14:18:30 CST 2014
